<?xml version="1.0" encoding="UTF-8"?>
<testsuites name="Mocha Tests" time="4.006" tests="1" failures="2">
  <testsuite name="Root Suite" timestamp="2019-06-13T14:30:53" tests="0" failures="0" time="0">
  </testsuite>
  <testsuite name="PayPal test" timestamp="2019-06-13T14:30:53" tests="1" file="/home/travis/shopware/custom/plugins/WirecardElasticEngine/Tests/Selenium/Payments/PaypalTest.js" failures="2" time="4.006">
    <testcase name="PayPal test should check the paypal payment process" time="2.004" classname="should check the paypal payment process">
      <failure message="Timeout of 2000ms exceeded. For async tests and hooks, ensure &quot;done()&quot; is called; if returning a Promise, ensure it resolves. (/home/travis/shopware/custom/plugins/WirecardElasticEngine/Tests/Selenium/Payments/PaypalTest.js)" type="Error"><![CDATA[Error: Timeout of 2000ms exceeded. For async tests and hooks, ensure "done()" is called; if returning a Promise, ensure it resolves. (/home/travis/shopware/custom/plugins/WirecardElasticEngine/Tests/Selenium/Payments/PaypalTest.js)]]></failure>
    </testcase>
    <testcase name="PayPal test &quot;after all&quot; hook" time="2.002" classname="&quot;after all&quot; hook">
      <failure message="Timeout of 2000ms exceeded. For async tests and hooks, ensure &quot;done()&quot; is called; if returning a Promise, ensure it resolves. (/home/travis/shopware/custom/plugins/WirecardElasticEngine/Tests/Selenium/Payments/PaypalTest.js)" type="Error"><![CDATA[Error: Timeout of 2000ms exceeded. For async tests and hooks, ensure "done()" is called; if returning a Promise, ensure it resolves. (/home/travis/shopware/custom/plugins/WirecardElasticEngine/Tests/Selenium/Payments/PaypalTest.js)]]></failure>
    </testcase>
  </testsuite>
</testsuites>