<?xml version="1.0" encoding="UTF-8"?>
<testsuites>
  <testsuite name="acceptance" tests="1" assertions="1" failures="0" errors="1" time="18.165830">
    <testcase file="/home/travis/build/wirecard/opencart-ee/tests/acceptance/checkCreditCard3DSFunctionalityHappyPath.feature" name="checkCreditCard3DSFunctionalityHappyPath: try purchaseCheck" feature="try purchaseCheck" assertions="1" time="18.165830">
      <error type="Facebook\WebDriver\Exception\NoSuchElementException">checkCreditCard3DSFunctionalityHappyPath: try purchaseCheck
Facebook\WebDriver\Exception\NoSuchElementException: no such element: Unable to locate element: {"method":"xpath","selector":"//*[@name="firstname"]"}
  (Session info: chrome=74.0.3729.131)
  (Driver info: chromedriver=74.0.3729.6 (255758eccf3d244491b8a1317aa76e1ce10d57e9-refs/branch-heads/3729@{#29}),platform=Windows NT 6.2.9200 x86_64) (WARNING: The server did not provide any stacktrace information)
Command duration or timeout: 13 milliseconds
For documentation on this error, please visit: http://seleniumhq.org/exceptions/no_such_element.html
Build info: version: '2.53.0', revision: '35ae25b', time: '2016-03-15 17:00:58'
System info: host: '207-254-76-238', ip: '207.254.76.238', os.name: 'windows', os.arch: 'x86', os.version: '6.2', java.version: '1.8.0_181'
Driver info: org.openqa.selenium.chrome.ChromeDriver
Capabilities [{mobileEmulationEnabled=false, timeouts={implicit=0, pageLoad=300000, script=30000}, hasTouchScreen=false, platform=WIN8, acceptSslCerts=false, goog:chromeOptions={debuggerAddress=localhost:1134}, acceptInsecureCerts=false, webStorageEnabled=true, browserName=chrome, takesScreenshot=true, javascriptEnabled=true, setWindowRect=true, unexpectedAlertBehaviour=ignore, applicationCacheEnabled=false, rotatable=false, networkConnectionEnabled=false, chrome={chromedriverVersion=74.0.3729.6 (255758eccf3d244491b8a1317aa76e1ce10d57e9-refs/branch-heads/3729@{#29}), userDataDir=C:\Windows\proxy\scoped_dir3144_16177}, takesHeapSnapshot=true, pageLoadStrategy=normal, strictFileInteractability=false, databaseEnabled=false, handlesAlerts=true, version=74.0.3729.131, browserConnectionEnabled=false, proxy={}, nativeEvents=true, locationContextEnabled=true, cssSelectorsEnabled=true}]
Session ID: 3be4004884e54d3bc7401c39c4a8e31e
*** Element info: {Using=xpath, value=//*[@name="firstname"]}

/home/travis/build/wirecard/opencart-ee/system/library/facebook/webdriver/lib/Exception/WebDriverException.php:102
/home/travis/build/wirecard/opencart-ee/system/library/facebook/webdriver/lib/Remote/HttpCommandExecutor.php:326
/home/travis/build/wirecard/opencart-ee/system/library/facebook/webdriver/lib/Remote/RemoteWebDriver.php:547
/home/travis/build/wirecard/opencart-ee/system/library/facebook/webdriver/lib/Remote/RemoteWebDriver.php:187
/home/travis/build/wirecard/opencart-ee/system/library/facebook/webdriver/lib/WebDriverExpectedCondition.php:185
/home/travis/build/wirecard/opencart-ee/system/library/facebook/webdriver/lib/WebDriverWait.php:67
/home/travis/build/wirecard/opencart-ee/system/library/codeception/codeception/src/Codeception/Module/WebDriver.php:2334
/home/travis/build/wirecard/opencart-ee/system/library/codeception/codeception/src/Codeception/Step.php:265
/home/travis/build/wirecard/opencart-ee/system/library/codeception/codeception/src/Codeception/Scenario.php:72
/home/travis/build/wirecard/opencart-ee/tests/_support/_generated/AcceptanceTesterActions.php:2386
/home/travis/build/wirecard/opencart-ee/tests/_support/Page/Checkout.php:91
/home/travis/build/wirecard/opencart-ee/tests/_support/Helper/Acceptance.php:74
/home/travis/build/wirecard/opencart-ee/system/library/codeception/codeception/src/Codeception/Step.php:265
/home/travis/build/wirecard/opencart-ee/system/library/codeception/codeception/src/Codeception/Scenario.php:72
/home/travis/build/wirecard/opencart-ee/tests/_support/_generated/AcceptanceTesterActions.php:3105
/home/travis/build/wirecard/opencart-ee/tests/_support/AcceptanceTester.php:144
/home/travis/build/wirecard/opencart-ee/system/library/codeception/codeception/src/Codeception/Test/Gherkin.php:142
/home/travis/build/wirecard/opencart-ee/system/library/codeception/codeception/src/Codeception/Test/Gherkin.php:83
/home/travis/build/wirecard/opencart-ee/system/library/codeception/codeception/src/Codeception/Test/Test.php:89
/home/travis/build/wirecard/opencart-ee/system/library/codeception/phpunit-wrapper/src/Runner.php:110
/home/travis/build/wirecard/opencart-ee/system/library/codeception/codeception/src/Codeception/SuiteManager.php:158
/home/travis/build/wirecard/opencart-ee/system/library/codeception/codeception/src/Codeception/Codecept.php:192
/home/travis/build/wirecard/opencart-ee/system/library/codeception/codeception/src/Codeception/Codecept.php:159
/home/travis/build/wirecard/opencart-ee/system/library/codeception/codeception/src/Codeception/Command/Run.php:495
/home/travis/build/wirecard/opencart-ee/system/library/codeception/codeception/src/Codeception/Command/Run.php:390
/home/travis/build/wirecard/opencart-ee/system/library/symfony/console/Command/Command.php:255
/home/travis/build/wirecard/opencart-ee/system/library/symfony/console/Application.php:917
/home/travis/build/wirecard/opencart-ee/system/library/symfony/console/Application.php:269
/home/travis/build/wirecard/opencart-ee/system/library/symfony/console/Application.php:145
/home/travis/build/wirecard/opencart-ee/system/library/codeception/codeception/src/Codeception/Application.php:108
</error>
    </testcase>
  </testsuite>
</testsuites>
