<?xml version="1.0" encoding="UTF-8"?>
<testsuites name="Mocha Tests" time="60.150999999999996" tests="1" failures="2">
  <testsuite name="Root Suite" timestamp="2019-06-13T09:40:00" tests="0" failures="0" time="0">
  </testsuite>
  <testsuite name="PayPal test" timestamp="2019-06-13T09:40:00" tests="1" file="/home/travis/shopware/custom/plugins/WirecardElasticEngine/Tests/Selenium/Payments/PaypalTest.js" failures="2" time="60.150999999999996">
    <testcase name="PayPal test should check the paypal payment process" time="60.15" classname="should check the paypal payment process">
      <failure message="unknown error: Chrome failed to start: exited abnormally
  (Driver info: chromedriver=2.38.552522 (437e6fbedfa8762dec75e2c5b3ddb86763dc9dcb),platform=Linux 4.4.0-101-generic x86_64)" type="WebDriverError"><![CDATA[WebDriverError: unknown error: Chrome failed to start: exited abnormally
  (Driver info: chromedriver=2.38.552522 (437e6fbedfa8762dec75e2c5b3ddb86763dc9dcb),platform=Linux 4.4.0-101-generic x86_64)
    at Object.checkLegacyResponse (node_modules/selenium-webdriver/lib/error.js:585:15)
    at parseHttpResponse (node_modules/selenium-webdriver/lib/http.js:533:13)
    at Executor.execute (node_modules/selenium-webdriver/lib/http.js:468:26)
    at <anonymous>
    at process._tickCallback (internal/process/next_tick.js:188:7)]]></failure>
    </testcase>
    <testcase name="PayPal test &quot;after all&quot; hook" time="0.001" classname="&quot;after all&quot; hook">
      <failure message="unknown error: Chrome failed to start: exited abnormally
  (Driver info: chromedriver=2.38.552522 (437e6fbedfa8762dec75e2c5b3ddb86763dc9dcb),platform=Linux 4.4.0-101-generic x86_64)" type="WebDriverError"><![CDATA[WebDriverError: unknown error: Chrome failed to start: exited abnormally
  (Driver info: chromedriver=2.38.552522 (437e6fbedfa8762dec75e2c5b3ddb86763dc9dcb),platform=Linux 4.4.0-101-generic x86_64)
    at Object.checkLegacyResponse (node_modules/selenium-webdriver/lib/error.js:585:15)
    at parseHttpResponse (node_modules/selenium-webdriver/lib/http.js:533:13)
    at Executor.execute (node_modules/selenium-webdriver/lib/http.js:468:26)
    at <anonymous>
    at process._tickCallback (internal/process/next_tick.js:188:7)]]></failure>
    </testcase>
  </testsuite>
</testsuites>