<?xml version="1.0" encoding="UTF-8"?>
<testsuites>
  <testsuite name="acceptance" tests="1" assertions="1" failures="0" errors="1" time="54.380756">
    <testcase file="/home/travis/build/wirecard/woocommerce-ee/wirecard-woocommerce-extension/tests/acceptance/checkPayPalFunctionalityHappyPath.feature" name="checkPayPalFunctionalityHappyPath: try purchaseCheck" feature="try purchaseCheck" assertions="1" time="54.380756">
      <error type="Facebook\WebDriver\Exception\NoSuchElementException">checkPayPalFunctionalityHappyPath: try purchaseCheck
Facebook\WebDriver\Exception\NoSuchElementException: no such element: Unable to locate element: {"method":"xpath","selector":"//*[@id='email']"}
  (Session info: chrome=74.0.3729.131)
  (Driver info: chromedriver=74.0.3729.6 (255758eccf3d244491b8a1317aa76e1ce10d57e9-refs/branch-heads/3729@{#29}),platform=Windows NT 6.3.9600 x86_64) (WARNING: The server did not provide any stacktrace information)
Command duration or timeout: 9.88 seconds
For documentation on this error, please visit: http://seleniumhq.org/exceptions/no_such_element.html
Build info: version: '2.53.0', revision: '35ae25b', time: '2016-03-15 17:00:58'
System info: host: '207-254-10-197', ip: '207.254.10.197', os.name: 'windows', os.arch: 'x86', os.version: '6.3', java.version: '1.8.0_181'
Driver info: org.openqa.selenium.chrome.ChromeDriver
Capabilities [{mobileEmulationEnabled=false, timeouts={implicit=0, pageLoad=300000, script=30000}, hasTouchScreen=false, platform=WIN8_1, acceptSslCerts=false, goog:chromeOptions={debuggerAddress=localhost:1103}, acceptInsecureCerts=false, webStorageEnabled=true, browserName=chrome, takesScreenshot=true, javascriptEnabled=true, setWindowRect=true, unexpectedAlertBehaviour=ignore, applicationCacheEnabled=false, rotatable=false, networkConnectionEnabled=false, chrome={chromedriverVersion=74.0.3729.6 (255758eccf3d244491b8a1317aa76e1ce10d57e9-refs/branch-heads/3729@{#29}), userDataDir=C:\Windows\proxy\scoped_dir1240_23273}, takesHeapSnapshot=true, pageLoadStrategy=normal, strictFileInteractability=false, databaseEnabled=false, handlesAlerts=true, version=74.0.3729.131, browserConnectionEnabled=false, proxy={}, nativeEvents=true, locationContextEnabled=true, cssSelectorsEnabled=true}]
Session ID: dfb82a10ddcfcd9fed6f41632c19102b
*** Element info: {Using=xpath, value=//*[@id='email']}

/home/travis/build/wirecard/woocommerce-ee/wirecard-woocommerce-extension/vendor/facebook/webdriver/lib/Exception/WebDriverException.php:102
/home/travis/build/wirecard/woocommerce-ee/wirecard-woocommerce-extension/vendor/facebook/webdriver/lib/Remote/HttpCommandExecutor.php:326
/home/travis/build/wirecard/woocommerce-ee/wirecard-woocommerce-extension/vendor/facebook/webdriver/lib/Remote/RemoteWebDriver.php:547
/home/travis/build/wirecard/woocommerce-ee/wirecard-woocommerce-extension/vendor/facebook/webdriver/lib/Remote/RemoteWebDriver.php:187
/home/travis/build/wirecard/woocommerce-ee/wirecard-woocommerce-extension/vendor/facebook/webdriver/lib/WebDriverExpectedCondition.php:185
/home/travis/build/wirecard/woocommerce-ee/wirecard-woocommerce-extension/vendor/facebook/webdriver/lib/WebDriverWait.php:67
/home/travis/build/wirecard/woocommerce-ee/wirecard-woocommerce-extension/vendor/codeception/codeception/src/Codeception/Module/WebDriver.php:2334
/home/travis/build/wirecard/woocommerce-ee/wirecard-woocommerce-extension/vendor/codeception/codeception/src/Codeception/Step.php:265
/home/travis/build/wirecard/woocommerce-ee/wirecard-woocommerce-extension/vendor/codeception/codeception/src/Codeception/Scenario.php:72
/home/travis/build/wirecard/woocommerce-ee/wirecard-woocommerce-extension/tests/_support/_generated/AcceptanceTesterActions.php:2386
/home/travis/build/wirecard/woocommerce-ee/wirecard-woocommerce-extension/tests/_support/AcceptanceTester.php:170
/home/travis/build/wirecard/woocommerce-ee/wirecard-woocommerce-extension/vendor/codeception/codeception/src/Codeception/Test/Gherkin.php:142
/home/travis/build/wirecard/woocommerce-ee/wirecard-woocommerce-extension/vendor/codeception/codeception/src/Codeception/Test/Gherkin.php:88
/home/travis/build/wirecard/woocommerce-ee/wirecard-woocommerce-extension/vendor/codeception/codeception/src/Codeception/Test/Test.php:89
/home/travis/build/wirecard/woocommerce-ee/wirecard-woocommerce-extension/vendor/codeception/phpunit-wrapper/src/Runner.php:110
/home/travis/build/wirecard/woocommerce-ee/wirecard-woocommerce-extension/vendor/codeception/codeception/src/Codeception/SuiteManager.php:158
/home/travis/build/wirecard/woocommerce-ee/wirecard-woocommerce-extension/vendor/codeception/codeception/src/Codeception/Codecept.php:192
/home/travis/build/wirecard/woocommerce-ee/wirecard-woocommerce-extension/vendor/codeception/codeception/src/Codeception/Codecept.php:159
/home/travis/build/wirecard/woocommerce-ee/wirecard-woocommerce-extension/vendor/codeception/codeception/src/Codeception/Command/Run.php:384
/home/travis/build/wirecard/woocommerce-ee/wirecard-woocommerce-extension/vendor/symfony/console/Command/Command.php:255
/home/travis/build/wirecard/woocommerce-ee/wirecard-woocommerce-extension/vendor/symfony/console/Application.php:921
/home/travis/build/wirecard/woocommerce-ee/wirecard-woocommerce-extension/vendor/symfony/console/Application.php:273
/home/travis/build/wirecard/woocommerce-ee/wirecard-woocommerce-extension/vendor/symfony/console/Application.php:149
/home/travis/build/wirecard/woocommerce-ee/wirecard-woocommerce-extension/vendor/codeception/codeception/src/Codeception/Application.php:108
</error>
    </testcase>
  </testsuite>
</testsuites>
