<?xml version="1.0" encoding="UTF-8"?>
<testsuites name="Mocha Tests" time="0.681" tests="1" failures="2">
  <testsuite name="Root Suite" timestamp="2019-06-14T07:57:04" tests="0" failures="0" time="0">
  </testsuite>
  <testsuite name="Guaranteed Invoice by Wirecard test" timestamp="2019-06-14T07:57:04" tests="1" file="/home/travis/shopware/custom/plugins/WirecardElasticEngine/Tests/Selenium/Payments/RatepayTest.js" failures="2" time="0.681">
    <testcase name="Guaranteed Invoice by Wirecard test should check the ratepay invoice process" time="0.68" classname="should check the ratepay invoice process">
      <failure message="unknown error: Chrome failed to start: exited abnormally
  (unknown error: DevToolsActivePort file doesn&apos;t exist)
  (The process started from chrome location /usr/bin/google-chrome is no longer running, so ChromeDriver is assuming that Chrome has crashed.)
  (Driver info: chromedriver=2.46.628388 (4a34a70827ac54148e092aafb70504c4ea7ae926),platform=Linux 4.4.0-101-generic x86_64)" type="WebDriverError"><![CDATA[WebDriverError: unknown error: Chrome failed to start: exited abnormally
  (unknown error: DevToolsActivePort file doesn't exist)
  (The process started from chrome location /usr/bin/google-chrome is no longer running, so ChromeDriver is assuming that Chrome has crashed.)
  (Driver info: chromedriver=2.46.628388 (4a34a70827ac54148e092aafb70504c4ea7ae926),platform=Linux 4.4.0-101-generic x86_64)
    at Object.checkLegacyResponse (node_modules/selenium-webdriver/lib/error.js:585:15)
    at parseHttpResponse (node_modules/selenium-webdriver/lib/http.js:533:13)
    at Executor.execute (node_modules/selenium-webdriver/lib/http.js:468:26)
    at <anonymous>
    at process._tickCallback (internal/process/next_tick.js:188:7)]]></failure>
    </testcase>
    <testcase name="Guaranteed Invoice by Wirecard test &quot;after all&quot; hook" time="0.001" classname="&quot;after all&quot; hook">
      <failure message="unknown error: Chrome failed to start: exited abnormally
  (unknown error: DevToolsActivePort file doesn&apos;t exist)
  (The process started from chrome location /usr/bin/google-chrome is no longer running, so ChromeDriver is assuming that Chrome has crashed.)
  (Driver info: chromedriver=2.46.628388 (4a34a70827ac54148e092aafb70504c4ea7ae926),platform=Linux 4.4.0-101-generic x86_64)" type="WebDriverError"><![CDATA[WebDriverError: unknown error: Chrome failed to start: exited abnormally
  (unknown error: DevToolsActivePort file doesn't exist)
  (The process started from chrome location /usr/bin/google-chrome is no longer running, so ChromeDriver is assuming that Chrome has crashed.)
  (Driver info: chromedriver=2.46.628388 (4a34a70827ac54148e092aafb70504c4ea7ae926),platform=Linux 4.4.0-101-generic x86_64)
    at Object.checkLegacyResponse (node_modules/selenium-webdriver/lib/error.js:585:15)
    at parseHttpResponse (node_modules/selenium-webdriver/lib/http.js:533:13)
    at Executor.execute (node_modules/selenium-webdriver/lib/http.js:468:26)
    at <anonymous>
    at process._tickCallback (internal/process/next_tick.js:188:7)]]></failure>
    </testcase>
  </testsuite>
</testsuites>