<?xml version="1.0" encoding="UTF-8"?>
<testsuites name="Mocha Tests" time="519.2700000000001" tests="13" failures="2">
  <testsuite name="Root Suite" timestamp="2019-06-25T09:46:10" tests="0" failures="0" time="0">
  </testsuite>
  <testsuite name="Payment in Advance test" timestamp="2019-06-25T09:46:10" tests="1" file="/home/travis/shopware/custom/plugins/WirecardElasticEngine/Tests/Selenium/Payments/PiaTest.js" failures="0" time="58.901">
    <testcase name="Payment in Advance test should check the pia payment process" time="58.901" classname="should check the pia payment process">
    </testcase>
  </testsuite>
  <testsuite name="Credit Card test" timestamp="2019-06-25T09:47:20" tests="1" file="/home/travis/shopware/custom/plugins/WirecardElasticEngine/Tests/Selenium/Payments/CreditCardTest.js" failures="0" time="35.343">
    <testcase name="Credit Card test should check the credit card payment process" time="35.343" classname="should check the credit card payment process">
    </testcase>
  </testsuite>
  <testsuite name="Credit Card One-Click Checkout test (NOTE: has requirements)" timestamp="2019-06-25T09:48:09" tests="1" file="/home/travis/shopware/custom/plugins/WirecardElasticEngine/Tests/Selenium/Payments/CreditCardOneClickTest.js" failures="1" time="20.329">
    <testcase name="Credit Card One-Click Checkout test (NOTE: has requirements) should check the credit card one-click payment process" time="20.329" classname="should check the credit card one-click payment process">
      <failure message="no such element: Unable to locate element: {&quot;method&quot;:&quot;css selector&quot;,&quot;selector&quot;:&quot;*[id=&quot;wirecardee--token-1&quot;]&quot;}
  (Session info: chrome=72.0.3626.109)
  (Driver info: chromedriver=2.45.615291 (ec3682e3c9061c10f26ea9e5cdcf3c53f3f74387),platform=Windows NT 10.0.16299 x86_64) (WARNING: The server did not provide any stacktrace information)
Command duration or timeout: 23 milliseconds
For documentation on this error, please visit: http://seleniumhq.org/exceptions/no_such_element.html
Build info: version: &apos;2.53.0&apos;, revision: &apos;35ae25b&apos;, time: &apos;2016-03-15 17:00:58&apos;
System info: host: &apos;208-52-164-69&apos;, ip: &apos;208.52.164.69&apos;, os.name: &apos;windows&apos;, os.arch: &apos;x86&apos;, os.version: &apos;10.0&apos;, java.version: &apos;1.8.0_181&apos;
Driver info: org.openqa.selenium.chrome.ChromeDriver
Capabilities [{mobileEmulationEnabled=false, timeouts={implicit=0, pageLoad=300000, script=30000}, hasTouchScreen=false, platform=XP, acceptSslCerts=false, goog:chromeOptions={debuggerAddress=localhost:1656}, acceptInsecureCerts=false, webStorageEnabled=true, browserName=chrome, takesScreenshot=true, javascriptEnabled=true, setWindowRect=true, unexpectedAlertBehaviour=ignore, applicationCacheEnabled=false, rotatable=false, networkConnectionEnabled=false, chrome={chromedriverVersion=2.45.615291 (ec3682e3c9061c10f26ea9e5cdcf3c53f3f74387), userDataDir=C:\Windows\proxy\scoped_dir7852_4494}, takesHeapSnapshot=true, pageLoadStrategy=normal, strictFileInteractability=false, databaseEnabled=false, handlesAlerts=true, version=72.0.3626.109, browserConnectionEnabled=false, proxy={}, nativeEvents=true, locationContextEnabled=true, cssSelectorsEnabled=true}]
Session ID: c6b33bb249b99c393fcc1544a576d35e
*** Element info: {Using=css selector, value=*[id=&quot;wirecardee--token-1&quot;]}" type="NoSuchElementError"><![CDATA[NoSuchElementError: no such element: Unable to locate element: {"method":"css selector","selector":"*[id="wirecardee--token-1"]"}
  (Session info: chrome=72.0.3626.109)
  (Driver info: chromedriver=2.45.615291 (ec3682e3c9061c10f26ea9e5cdcf3c53f3f74387),platform=Windows NT 10.0.16299 x86_64) (WARNING: The server did not provide any stacktrace information)
Command duration or timeout: 23 milliseconds
For documentation on this error, please visit: http://seleniumhq.org/exceptions/no_such_element.html
Build info: version: '2.53.0', revision: '35ae25b', time: '2016-03-15 17:00:58'
System info: host: '208-52-164-69', ip: '208.52.164.69', os.name: 'windows', os.arch: 'x86', os.version: '10.0', java.version: '1.8.0_181'
Driver info: org.openqa.selenium.chrome.ChromeDriver
Capabilities [{mobileEmulationEnabled=false, timeouts={implicit=0, pageLoad=300000, script=30000}, hasTouchScreen=false, platform=XP, acceptSslCerts=false, goog:chromeOptions={debuggerAddress=localhost:1656}, acceptInsecureCerts=false, webStorageEnabled=true, browserName=chrome, takesScreenshot=true, javascriptEnabled=true, setWindowRect=true, unexpectedAlertBehaviour=ignore, applicationCacheEnabled=false, rotatable=false, networkConnectionEnabled=false, chrome={chromedriverVersion=2.45.615291 (ec3682e3c9061c10f26ea9e5cdcf3c53f3f74387), userDataDir=C:\Windows\proxy\scoped_dir7852_4494}, takesHeapSnapshot=true, pageLoadStrategy=normal, strictFileInteractability=false, databaseEnabled=false, handlesAlerts=true, version=72.0.3626.109, browserConnectionEnabled=false, proxy={}, nativeEvents=true, locationContextEnabled=true, cssSelectorsEnabled=true}]
Session ID: c6b33bb249b99c393fcc1544a576d35e
*** Element info: {Using=css selector, value=*[id="wirecardee--token-1"]}
    at Object.checkLegacyResponse (node_modules/selenium-webdriver/lib/error.js:585:15)
    at parseHttpResponse (node_modules/selenium-webdriver/lib/http.js:551:13)
    at Executor.execute (node_modules/selenium-webdriver/lib/http.js:486:26)
    at <anonymous>
    at process._tickCallback (internal/process/next_tick.js:188:7)]]></failure>
    </testcase>
  </testsuite>
  <testsuite name="SEPA Direct Debit test" timestamp="2019-06-25T09:48:38" tests="1" file="/home/travis/shopware/custom/plugins/WirecardElasticEngine/Tests/Selenium/Payments/SepaTest.js" failures="0" time="25.64">
    <testcase name="SEPA Direct Debit test should check the sepa payment process" time="25.64" classname="should check the sepa payment process">
    </testcase>
  </testsuite>
  <testsuite name="Sofort. test" timestamp="2019-06-25T09:49:12" tests="1" file="/home/travis/shopware/custom/plugins/WirecardElasticEngine/Tests/Selenium/Payments/SofortTest.js" failures="0" time="58.905">
    <testcase name="Sofort. test should check the sofort payment process" time="58.905" classname="should check the sofort payment process">
    </testcase>
  </testsuite>
  <testsuite name="Payment on Invoice test" timestamp="2019-06-25T09:50:19" tests="1" file="/home/travis/shopware/custom/plugins/WirecardElasticEngine/Tests/Selenium/Payments/PoiTest.js" failures="0" time="22.602">
    <testcase name="Payment on Invoice test should check the poi payment process" time="22.602" classname="should check the poi payment process">
    </testcase>
  </testsuite>
  <testsuite name="UnionPay International test" timestamp="2019-06-25T09:50:49" tests="1" file="/home/travis/shopware/custom/plugins/WirecardElasticEngine/Tests/Selenium/Payments/UpiTest.js" failures="0" time="29.12">
    <testcase name="UnionPay International test should check the unionpay international payment process" time="29.12" classname="should check the unionpay international payment process">
    </testcase>
  </testsuite>
  <testsuite name="Alipay Cross-border test" timestamp="2019-06-25T09:51:27" tests="1" file="/home/travis/shopware/custom/plugins/WirecardElasticEngine/Tests/Selenium/Payments/AlipayTest.js" failures="0" time="32.66">
    <testcase name="Alipay Cross-border test should check the alipay crossborder payment process" time="32.66" classname="should check the alipay crossborder payment process">
    </testcase>
  </testsuite>
  <testsuite name="PayPal test" timestamp="2019-06-25T09:52:13" tests="1" file="/home/travis/shopware/custom/plugins/WirecardElasticEngine/Tests/Selenium/Payments/PaypalTest.js" failures="0" time="72.598">
    <testcase name="PayPal test should check the paypal payment process" time="72.598" classname="should check the paypal payment process">
    </testcase>
  </testsuite>
  <testsuite name="iDEAL test" timestamp="2019-06-25T09:53:37" tests="1" file="/home/travis/shopware/custom/plugins/WirecardElasticEngine/Tests/Selenium/Payments/IdealTest.js" failures="1" time="57.91">
    <testcase name="iDEAL test should check the ideal payment process" time="57.91" classname="should check the ideal payment process">
      <failure message="Waiting for element to be located By(css selector, .teaser--btn-print)
Wait timed out after 31307ms" type="TimeoutError"><![CDATA[TimeoutError: Waiting for element to be located By(css selector, .teaser--btn-print)
Wait timed out after 31307ms
    at /home/travis/shopware/custom/plugins/WirecardElasticEngine/node_modules/selenium-webdriver/lib/webdriver.js:841:17
    at <anonymous>
    at process._tickCallback (internal/process/next_tick.js:188:7)]]></failure>
    </testcase>
  </testsuite>
  <testsuite name="Guaranteed Invoice by Wirecard test" timestamp="2019-06-25T09:54:49" tests="1" file="/home/travis/shopware/custom/plugins/WirecardElasticEngine/Tests/Selenium/Payments/RatepayTest.js" failures="0" time="33.962">
    <testcase name="Guaranteed Invoice by Wirecard test should check the ratepay invoice process" time="33.962" classname="should check the ratepay invoice process">
    </testcase>
  </testsuite>
  <testsuite name="default test" timestamp="2019-06-25T09:55:32" tests="1" file="/home/travis/shopware/custom/plugins/WirecardElasticEngine/Tests/Selenium/Payments/DefaultTest.js" failures="0" time="17.033">
    <testcase name="default test should check the default checkout" time="17.033" classname="should check the default checkout">
    </testcase>
  </testsuite>
  <testsuite name="Credit Card 3-D Secure test" timestamp="2019-06-25T09:56:00" tests="1" file="/home/travis/shopware/custom/plugins/WirecardElasticEngine/Tests/Selenium/Payments/CreditCardThreeDTest.js" failures="0" time="54.267">
    <testcase name="Credit Card 3-D Secure test should check the credit card 3ds payment process" time="54.267" classname="should check the credit card 3ds payment process">
    </testcase>
  </testsuite>
</testsuites>