<?xml version="1.0" encoding="UTF-8"?>
<testsuites>
  <testsuite name="acceptance (ui_test)" tests="1" assertions="1" failures="0" errors="1" time="14.653003">
    <testcase file="/home/travis/build/wirecard/prestashop-ee/wirecardpaymentgateway/tests/acceptance/checkCreditCard3DSFunctionalityHappyPath.feature" name="checkCreditCard3DSFunctionalityHappyPath: try purchaseCheck" feature="try purchaseCheck" assertions="1" time="14.653003">
      <error type="Facebook\WebDriver\Exception\StaleElementReferenceException">checkCreditCard3DSFunctionalityHappyPath: try purchaseCheck
Facebook\WebDriver\Exception\StaleElementReferenceException: stale element reference: element is not attached to the page document
  (Session info: chrome=74.0.3729.131)
  (Driver info: chromedriver=74.0.3729.6 (255758eccf3d244491b8a1317aa76e1ce10d57e9-refs/branch-heads/3729@{#29}),platform=Windows NT 10.0.17134 x86_64) (WARNING: The server did not provide any stacktrace information)
Command duration or timeout: 150 milliseconds
For documentation on this error, please visit: http://seleniumhq.org/exceptions/stale_element_reference.html
Build info: version: '2.53.0', revision: '35ae25b', time: '2016-03-15 17:00:58'
System info: host: '207-254-11-19', ip: '207.254.11.19', os.name: 'windows', os.arch: 'x86', os.version: '10.0', java.version: '1.8.0_181'
Driver info: org.openqa.selenium.chrome.ChromeDriver
Capabilities [{mobileEmulationEnabled=false, timeouts={implicit=0, pageLoad=300000, script=30000}, hasTouchScreen=false, platform=XP, acceptSslCerts=false, goog:chromeOptions={debuggerAddress=localhost:1774}, acceptInsecureCerts=false, webStorageEnabled=true, browserName=chrome, takesScreenshot=true, javascriptEnabled=true, setWindowRect=true, unexpectedAlertBehaviour=ignore, applicationCacheEnabled=false, rotatable=false, networkConnectionEnabled=false, chrome={chromedriverVersion=74.0.3729.6 (255758eccf3d244491b8a1317aa76e1ce10d57e9-refs/branch-heads/3729@{#29}), userDataDir=C:\Windows\proxy\scoped_dir64_20107}, takesHeapSnapshot=true, pageLoadStrategy=normal, strictFileInteractability=false, databaseEnabled=false, handlesAlerts=true, version=74.0.3729.131, browserConnectionEnabled=false, proxy={}, nativeEvents=true, locationContextEnabled=true, cssSelectorsEnabled=true}]
Session ID: 5d5da1eb25090ddd1e8e64e58fcd73bc

/home/travis/build/wirecard/prestashop-ee/wirecardpaymentgateway/vendor/facebook/webdriver/lib/Exception/WebDriverException.php:108
/home/travis/build/wirecard/prestashop-ee/wirecardpaymentgateway/vendor/facebook/webdriver/lib/Remote/HttpCommandExecutor.php:326
/home/travis/build/wirecard/prestashop-ee/wirecardpaymentgateway/vendor/facebook/webdriver/lib/Remote/RemoteWebDriver.php:547
/home/travis/build/wirecard/prestashop-ee/wirecardpaymentgateway/vendor/facebook/webdriver/lib/Remote/RemoteExecuteMethod.php:40
/home/travis/build/wirecard/prestashop-ee/wirecardpaymentgateway/vendor/facebook/webdriver/lib/Remote/RemoteWebElement.php:81
/home/travis/build/wirecard/prestashop-ee/wirecardpaymentgateway/vendor/codeception/codeception/src/Codeception/Module/WebDriver.php:987
/home/travis/build/wirecard/prestashop-ee/wirecardpaymentgateway/vendor/codeception/codeception/src/Codeception/Step.php:265
/home/travis/build/wirecard/prestashop-ee/wirecardpaymentgateway/vendor/codeception/codeception/src/Codeception/Scenario.php:72
/home/travis/build/wirecard/prestashop-ee/wirecardpaymentgateway/tests/_support/_generated/AcceptanceTesterActions.php:606
/home/travis/build/wirecard/prestashop-ee/wirecardpaymentgateway/tests/_support/AcceptanceTester.php:195
/home/travis/build/wirecard/prestashop-ee/wirecardpaymentgateway/vendor/codeception/codeception/src/Codeception/Test/Gherkin.php:142
/home/travis/build/wirecard/prestashop-ee/wirecardpaymentgateway/vendor/codeception/codeception/src/Codeception/Test/Gherkin.php:83
/home/travis/build/wirecard/prestashop-ee/wirecardpaymentgateway/vendor/codeception/codeception/src/Codeception/Test/Test.php:89
/home/travis/build/wirecard/prestashop-ee/wirecardpaymentgateway/vendor/codeception/phpunit-wrapper/src/Runner.php:110
/home/travis/build/wirecard/prestashop-ee/wirecardpaymentgateway/vendor/codeception/codeception/src/Codeception/SuiteManager.php:158
/home/travis/build/wirecard/prestashop-ee/wirecardpaymentgateway/vendor/codeception/codeception/src/Codeception/Codecept.php:192
/home/travis/build/wirecard/prestashop-ee/wirecardpaymentgateway/vendor/codeception/codeception/src/Codeception/Codecept.php:181
/home/travis/build/wirecard/prestashop-ee/wirecardpaymentgateway/vendor/codeception/codeception/src/Codeception/Command/Run.php:495
/home/travis/build/wirecard/prestashop-ee/wirecardpaymentgateway/vendor/codeception/codeception/src/Codeception/Command/Run.php:390
/home/travis/build/wirecard/prestashop-ee/wirecardpaymentgateway/vendor/symfony/console/Command/Command.php:255
/home/travis/build/wirecard/prestashop-ee/wirecardpaymentgateway/vendor/symfony/console/Application.php:908
/home/travis/build/wirecard/prestashop-ee/wirecardpaymentgateway/vendor/symfony/console/Application.php:269
/home/travis/build/wirecard/prestashop-ee/wirecardpaymentgateway/vendor/symfony/console/Application.php:145
/home/travis/build/wirecard/prestashop-ee/wirecardpaymentgateway/vendor/codeception/codeception/src/Codeception/Application.php:108
</error>
    </testcase>
  </testsuite>
</testsuites>
