<?xml version="1.0" encoding="UTF-8"?>
<testsuites>
  <testsuite name="acceptance" tests="22" assertions="50" failures="16" errors="5" time="779.497278">
    <testcase file="/home/travis/build/wirecard/paymentSDK-php/tests/acceptance/purchase_check_error_cards_3ds.feature" name="check_credit_card_3DS_functionality_error_cards: purchase_error_case | &quot;Auth Failed VISA Data&quot;, &quot;500.1076&quot;" feature="purchase_error_case | &quot;Auth Failed VISA Data&quot;, &quot;500.1076&quot;" assertions="4" time="50.071141">
      <failure type="PHPUnit_Framework_ExpectationFailedException">check_credit_card_3DS_functionality_error_cards: purchase_error_case | "Auth Failed VISA Data", "500.1076"
Failed asserting that  on page /examples/CreditCard/return.php?status=success
--&gt; Payment SDK for PHP Examples
Response validation status: true
Error with code 500.1085 and message "A system error prevented authentication from completing. The card can be accepted for payment but no authentication information will be passed to authorization processing and no liability shift will t
[Content too long to display. See complete response in '/home/travis/build/wirecard/paymentSDK-php/tests/_output/' directory]
--&gt; contains "500.1076".

/home/travis/build/wirecard/paymentSDK-php/vendor/codeception/codeception/src/Codeception/Util/Shared/Asserts.php:311
/home/travis/build/wirecard/paymentSDK-php/vendor/codeception/codeception/src/Codeception/Module/WebDriver.php:2921
/home/travis/build/wirecard/paymentSDK-php/vendor/codeception/codeception/src/Codeception/Module/WebDriver.php:897
/home/travis/build/wirecard/paymentSDK-php/vendor/codeception/codeception/src/Codeception/Step.php:265
/home/travis/build/wirecard/paymentSDK-php/vendor/codeception/codeception/src/Codeception/Scenario.php:72
/home/travis/build/wirecard/paymentSDK-php/tests/_support/_generated/AcceptanceTesterActions.php:360
/home/travis/build/wirecard/paymentSDK-php/tests/_support/AcceptanceTester.php:170
/home/travis/build/wirecard/paymentSDK-php/vendor/codeception/codeception/src/Codeception/Test/Gherkin.php:142
/home/travis/build/wirecard/paymentSDK-php/vendor/codeception/codeception/src/Codeception/Test/Gherkin.php:88
/home/travis/build/wirecard/paymentSDK-php/vendor/codeception/codeception/src/Codeception/Test/Test.php:89
/home/travis/build/wirecard/paymentSDK-php/vendor/codeception/phpunit-wrapper/src/Runner.php:110
/home/travis/build/wirecard/paymentSDK-php/vendor/codeception/codeception/src/Codeception/SuiteManager.php:158
/home/travis/build/wirecard/paymentSDK-php/vendor/codeception/codeception/src/Codeception/Codecept.php:192
/home/travis/build/wirecard/paymentSDK-php/vendor/codeception/codeception/src/Codeception/Codecept.php:159
/home/travis/build/wirecard/paymentSDK-php/vendor/codeception/codeception/src/Codeception/Command/Run.php:495
/home/travis/build/wirecard/paymentSDK-php/vendor/codeception/codeception/src/Codeception/Command/Run.php:390
/home/travis/build/wirecard/paymentSDK-php/vendor/symfony/console/Command/Command.php:255
/home/travis/build/wirecard/paymentSDK-php/vendor/symfony/console/Application.php:953
/home/travis/build/wirecard/paymentSDK-php/vendor/symfony/console/Application.php:248
/home/travis/build/wirecard/paymentSDK-php/vendor/symfony/console/Application.php:148
/home/travis/build/wirecard/paymentSDK-php/vendor/codeception/codeception/src/Codeception/Application.php:108
</failure>
    </testcase>
    <testcase file="/home/travis/build/wirecard/paymentSDK-php/tests/acceptance/purchase_check_error_cards_3ds.feature" name="check_credit_card_3DS_functionality_error_cards: purchase_error_case | &quot;Auth Failed Mastercard Data&quot;, &quot;500.1076&quot;" feature="purchase_error_case | &quot;Auth Failed Mastercard Data&quot;, &quot;500.1076&quot;" assertions="4" time="44.225463">
      <failure type="PHPUnit_Framework_ExpectationFailedException">check_credit_card_3DS_functionality_error_cards: purchase_error_case | "Auth Failed Mastercard Data", "500.1076"
Failed asserting that  on page /examples/CreditCard/return.php?status=success
--&gt; Payment SDK for PHP Examples
Response validation status: true
Error with code 500.1085 and message "A system error prevented authentication from completing. The card can be accepted for payment but no authentication information will be passed to authorization processing and no liability shift will t
[Content too long to display. See complete response in '/home/travis/build/wirecard/paymentSDK-php/tests/_output/' directory]
--&gt; contains "500.1076".

/home/travis/build/wirecard/paymentSDK-php/vendor/codeception/codeception/src/Codeception/Util/Shared/Asserts.php:311
/home/travis/build/wirecard/paymentSDK-php/vendor/codeception/codeception/src/Codeception/Module/WebDriver.php:2921
/home/travis/build/wirecard/paymentSDK-php/vendor/codeception/codeception/src/Codeception/Module/WebDriver.php:897
/home/travis/build/wirecard/paymentSDK-php/vendor/codeception/codeception/src/Codeception/Step.php:265
/home/travis/build/wirecard/paymentSDK-php/vendor/codeception/codeception/src/Codeception/Scenario.php:72
/home/travis/build/wirecard/paymentSDK-php/tests/_support/_generated/AcceptanceTesterActions.php:360
/home/travis/build/wirecard/paymentSDK-php/tests/_support/AcceptanceTester.php:170
/home/travis/build/wirecard/paymentSDK-php/vendor/codeception/codeception/src/Codeception/Test/Gherkin.php:142
/home/travis/build/wirecard/paymentSDK-php/vendor/codeception/codeception/src/Codeception/Test/Gherkin.php:88
/home/travis/build/wirecard/paymentSDK-php/vendor/codeception/codeception/src/Codeception/Test/Test.php:89
/home/travis/build/wirecard/paymentSDK-php/vendor/codeception/phpunit-wrapper/src/Runner.php:110
/home/travis/build/wirecard/paymentSDK-php/vendor/codeception/codeception/src/Codeception/SuiteManager.php:158
/home/travis/build/wirecard/paymentSDK-php/vendor/codeception/codeception/src/Codeception/Codecept.php:192
/home/travis/build/wirecard/paymentSDK-php/vendor/codeception/codeception/src/Codeception/Codecept.php:159
/home/travis/build/wirecard/paymentSDK-php/vendor/codeception/codeception/src/Codeception/Command/Run.php:495
/home/travis/build/wirecard/paymentSDK-php/vendor/codeception/codeception/src/Codeception/Command/Run.php:390
/home/travis/build/wirecard/paymentSDK-php/vendor/symfony/console/Command/Command.php:255
/home/travis/build/wirecard/paymentSDK-php/vendor/symfony/console/Application.php:953
/home/travis/build/wirecard/paymentSDK-php/vendor/symfony/console/Application.php:248
/home/travis/build/wirecard/paymentSDK-php/vendor/symfony/console/Application.php:148
/home/travis/build/wirecard/paymentSDK-php/vendor/codeception/codeception/src/Codeception/Application.php:108
</failure>
    </testcase>
    <testcase file="/home/travis/build/wirecard/paymentSDK-php/tests/acceptance/purchase_check_error_cards_3ds.feature" name="check_credit_card_3DS_functionality_error_cards: purchase_error_case | &quot;Auth Failed Maestro Data&quot;, &quot;500.1076&quot;" feature="purchase_error_case | &quot;Auth Failed Maestro Data&quot;, &quot;500.1076&quot;" assertions="1" time="26.820025">
      <failure type="PHPUnit_Framework_ExpectationFailedException">check_credit_card_3DS_functionality_error_cards: purchase_error_case | "Auth Failed Maestro Data", "500.1076"
Failed asserting that '/examples/CreditCard/createUi_tokenize.php' contains "pay".

/home/travis/build/wirecard/paymentSDK-php/vendor/codeception/codeception/src/Codeception/Util/Shared/Asserts.php:151
/home/travis/build/wirecard/paymentSDK-php/vendor/codeception/codeception/src/Codeception/Module/WebDriver.php:1155
/home/travis/build/wirecard/paymentSDK-php/vendor/codeception/codeception/src/Codeception/Step.php:265
/home/travis/build/wirecard/paymentSDK-php/vendor/codeception/codeception/src/Codeception/Scenario.php:72
/home/travis/build/wirecard/paymentSDK-php/tests/_support/_generated/AcceptanceTesterActions.php:735
/home/travis/build/wirecard/paymentSDK-php/tests/_support/AcceptanceTester.php:124
/home/travis/build/wirecard/paymentSDK-php/vendor/codeception/codeception/src/Codeception/Test/Gherkin.php:142
/home/travis/build/wirecard/paymentSDK-php/vendor/codeception/codeception/src/Codeception/Test/Gherkin.php:88
/home/travis/build/wirecard/paymentSDK-php/vendor/codeception/codeception/src/Codeception/Test/Test.php:89
/home/travis/build/wirecard/paymentSDK-php/vendor/codeception/phpunit-wrapper/src/Runner.php:110
/home/travis/build/wirecard/paymentSDK-php/vendor/codeception/codeception/src/Codeception/SuiteManager.php:158
/home/travis/build/wirecard/paymentSDK-php/vendor/codeception/codeception/src/Codeception/Codecept.php:192
/home/travis/build/wirecard/paymentSDK-php/vendor/codeception/codeception/src/Codeception/Codecept.php:159
/home/travis/build/wirecard/paymentSDK-php/vendor/codeception/codeception/src/Codeception/Command/Run.php:495
/home/travis/build/wirecard/paymentSDK-php/vendor/codeception/codeception/src/Codeception/Command/Run.php:390
/home/travis/build/wirecard/paymentSDK-php/vendor/symfony/console/Command/Command.php:255
/home/travis/build/wirecard/paymentSDK-php/vendor/symfony/console/Application.php:953
/home/travis/build/wirecard/paymentSDK-php/vendor/symfony/console/Application.php:248
/home/travis/build/wirecard/paymentSDK-php/vendor/symfony/console/Application.php:148
/home/travis/build/wirecard/paymentSDK-php/vendor/codeception/codeception/src/Codeception/Application.php:108
</failure>
    </testcase>
    <testcase file="/home/travis/build/wirecard/paymentSDK-php/tests/acceptance/purchase_check_error_cards_3ds.feature" name="check_credit_card_3DS_functionality_error_cards: purchase_error_case | &quot;Unable Auth VISA Data&quot;, &quot;201.0000&quot;" feature="purchase_error_case | &quot;Unable Auth VISA Data&quot;, &quot;201.0000&quot;" assertions="4" time="46.183587">
      <failure type="PHPUnit_Framework_ExpectationFailedException">check_credit_card_3DS_functionality_error_cards: purchase_error_case | "Unable Auth VISA Data", "201.0000"
Failed asserting that  on page /examples/CreditCard/return.php?status=success
--&gt; Payment SDK for PHP Examples
Response validation status: true
Error with code 500.1085 and message "A system error prevented authentication from completing. The card can be accepted for payment but no authentication information will be passed to authorization processing and no liability shift will t
[Content too long to display. See complete response in '/home/travis/build/wirecard/paymentSDK-php/tests/_output/' directory]
--&gt; contains "201.0000".

/home/travis/build/wirecard/paymentSDK-php/vendor/codeception/codeception/src/Codeception/Util/Shared/Asserts.php:311
/home/travis/build/wirecard/paymentSDK-php/vendor/codeception/codeception/src/Codeception/Module/WebDriver.php:2921
/home/travis/build/wirecard/paymentSDK-php/vendor/codeception/codeception/src/Codeception/Module/WebDriver.php:897
/home/travis/build/wirecard/paymentSDK-php/vendor/codeception/codeception/src/Codeception/Step.php:265
/home/travis/build/wirecard/paymentSDK-php/vendor/codeception/codeception/src/Codeception/Scenario.php:72
/home/travis/build/wirecard/paymentSDK-php/tests/_support/_generated/AcceptanceTesterActions.php:360
/home/travis/build/wirecard/paymentSDK-php/tests/_support/AcceptanceTester.php:170
/home/travis/build/wirecard/paymentSDK-php/vendor/codeception/codeception/src/Codeception/Test/Gherkin.php:142
/home/travis/build/wirecard/paymentSDK-php/vendor/codeception/codeception/src/Codeception/Test/Gherkin.php:88
/home/travis/build/wirecard/paymentSDK-php/vendor/codeception/codeception/src/Codeception/Test/Test.php:89
/home/travis/build/wirecard/paymentSDK-php/vendor/codeception/phpunit-wrapper/src/Runner.php:110
/home/travis/build/wirecard/paymentSDK-php/vendor/codeception/codeception/src/Codeception/SuiteManager.php:158
/home/travis/build/wirecard/paymentSDK-php/vendor/codeception/codeception/src/Codeception/Codecept.php:192
/home/travis/build/wirecard/paymentSDK-php/vendor/codeception/codeception/src/Codeception/Codecept.php:159
/home/travis/build/wirecard/paymentSDK-php/vendor/codeception/codeception/src/Codeception/Command/Run.php:495
/home/travis/build/wirecard/paymentSDK-php/vendor/codeception/codeception/src/Codeception/Command/Run.php:390
/home/travis/build/wirecard/paymentSDK-php/vendor/symfony/console/Command/Command.php:255
/home/travis/build/wirecard/paymentSDK-php/vendor/symfony/console/Application.php:953
/home/travis/build/wirecard/paymentSDK-php/vendor/symfony/console/Application.php:248
/home/travis/build/wirecard/paymentSDK-php/vendor/symfony/console/Application.php:148
/home/travis/build/wirecard/paymentSDK-php/vendor/codeception/codeception/src/Codeception/Application.php:108
</failure>
    </testcase>
    <testcase file="/home/travis/build/wirecard/paymentSDK-php/tests/acceptance/purchase_check_error_cards_3ds.feature" name="check_credit_card_3DS_functionality_error_cards: purchase_error_case | &quot;Unable Auth Mastercard Data&quot;, &quot;201.0000&quot;" feature="purchase_error_case | &quot;Unable Auth Mastercard Data&quot;, &quot;201.0000&quot;" assertions="4" time="46.258621">
      <failure type="PHPUnit_Framework_ExpectationFailedException">check_credit_card_3DS_functionality_error_cards: purchase_error_case | "Unable Auth Mastercard Data", "201.0000"
Failed asserting that  on page /examples/CreditCard/return.php?status=success
--&gt; Payment SDK for PHP Examples
Response validation status: true
Error with code 500.1085 and message "A system error prevented authentication from completing. The card can be accepted for payment but no authentication information will be passed to authorization processing and no liability shift will t
[Content too long to display. See complete response in '/home/travis/build/wirecard/paymentSDK-php/tests/_output/' directory]
--&gt; contains "201.0000".

/home/travis/build/wirecard/paymentSDK-php/vendor/codeception/codeception/src/Codeception/Util/Shared/Asserts.php:311
/home/travis/build/wirecard/paymentSDK-php/vendor/codeception/codeception/src/Codeception/Module/WebDriver.php:2921
/home/travis/build/wirecard/paymentSDK-php/vendor/codeception/codeception/src/Codeception/Module/WebDriver.php:897
/home/travis/build/wirecard/paymentSDK-php/vendor/codeception/codeception/src/Codeception/Step.php:265
/home/travis/build/wirecard/paymentSDK-php/vendor/codeception/codeception/src/Codeception/Scenario.php:72
/home/travis/build/wirecard/paymentSDK-php/tests/_support/_generated/AcceptanceTesterActions.php:360
/home/travis/build/wirecard/paymentSDK-php/tests/_support/AcceptanceTester.php:170
/home/travis/build/wirecard/paymentSDK-php/vendor/codeception/codeception/src/Codeception/Test/Gherkin.php:142
/home/travis/build/wirecard/paymentSDK-php/vendor/codeception/codeception/src/Codeception/Test/Gherkin.php:88
/home/travis/build/wirecard/paymentSDK-php/vendor/codeception/codeception/src/Codeception/Test/Test.php:89
/home/travis/build/wirecard/paymentSDK-php/vendor/codeception/phpunit-wrapper/src/Runner.php:110
/home/travis/build/wirecard/paymentSDK-php/vendor/codeception/codeception/src/Codeception/SuiteManager.php:158
/home/travis/build/wirecard/paymentSDK-php/vendor/codeception/codeception/src/Codeception/Codecept.php:192
/home/travis/build/wirecard/paymentSDK-php/vendor/codeception/codeception/src/Codeception/Codecept.php:159
/home/travis/build/wirecard/paymentSDK-php/vendor/codeception/codeception/src/Codeception/Command/Run.php:495
/home/travis/build/wirecard/paymentSDK-php/vendor/codeception/codeception/src/Codeception/Command/Run.php:390
/home/travis/build/wirecard/paymentSDK-php/vendor/symfony/console/Command/Command.php:255
/home/travis/build/wirecard/paymentSDK-php/vendor/symfony/console/Application.php:953
/home/travis/build/wirecard/paymentSDK-php/vendor/symfony/console/Application.php:248
/home/travis/build/wirecard/paymentSDK-php/vendor/symfony/console/Application.php:148
/home/travis/build/wirecard/paymentSDK-php/vendor/codeception/codeception/src/Codeception/Application.php:108
</failure>
    </testcase>
    <testcase file="/home/travis/build/wirecard/paymentSDK-php/tests/acceptance/purchase_check_error_cards_3ds.feature" name="check_credit_card_3DS_functionality_error_cards: purchase_error_case | &quot;Unable Auth Maestro Data&quot;, &quot;201.0000&quot;" feature="purchase_error_case | &quot;Unable Auth Maestro Data&quot;, &quot;201.0000&quot;" assertions="1" time="26.812173">
      <failure type="PHPUnit_Framework_ExpectationFailedException">check_credit_card_3DS_functionality_error_cards: purchase_error_case | "Unable Auth Maestro Data", "201.0000"
Failed asserting that '/examples/CreditCard/createUi_tokenize.php' contains "pay".

/home/travis/build/wirecard/paymentSDK-php/vendor/codeception/codeception/src/Codeception/Util/Shared/Asserts.php:151
/home/travis/build/wirecard/paymentSDK-php/vendor/codeception/codeception/src/Codeception/Module/WebDriver.php:1155
/home/travis/build/wirecard/paymentSDK-php/vendor/codeception/codeception/src/Codeception/Step.php:265
/home/travis/build/wirecard/paymentSDK-php/vendor/codeception/codeception/src/Codeception/Scenario.php:72
/home/travis/build/wirecard/paymentSDK-php/tests/_support/_generated/AcceptanceTesterActions.php:735
/home/travis/build/wirecard/paymentSDK-php/tests/_support/AcceptanceTester.php:124
/home/travis/build/wirecard/paymentSDK-php/vendor/codeception/codeception/src/Codeception/Test/Gherkin.php:142
/home/travis/build/wirecard/paymentSDK-php/vendor/codeception/codeception/src/Codeception/Test/Gherkin.php:88
/home/travis/build/wirecard/paymentSDK-php/vendor/codeception/codeception/src/Codeception/Test/Test.php:89
/home/travis/build/wirecard/paymentSDK-php/vendor/codeception/phpunit-wrapper/src/Runner.php:110
/home/travis/build/wirecard/paymentSDK-php/vendor/codeception/codeception/src/Codeception/SuiteManager.php:158
/home/travis/build/wirecard/paymentSDK-php/vendor/codeception/codeception/src/Codeception/Codecept.php:192
/home/travis/build/wirecard/paymentSDK-php/vendor/codeception/codeception/src/Codeception/Codecept.php:159
/home/travis/build/wirecard/paymentSDK-php/vendor/codeception/codeception/src/Codeception/Command/Run.php:495
/home/travis/build/wirecard/paymentSDK-php/vendor/codeception/codeception/src/Codeception/Command/Run.php:390
/home/travis/build/wirecard/paymentSDK-php/vendor/symfony/console/Command/Command.php:255
/home/travis/build/wirecard/paymentSDK-php/vendor/symfony/console/Application.php:953
/home/travis/build/wirecard/paymentSDK-php/vendor/symfony/console/Application.php:248
/home/travis/build/wirecard/paymentSDK-php/vendor/symfony/console/Application.php:148
/home/travis/build/wirecard/paymentSDK-php/vendor/codeception/codeception/src/Codeception/Application.php:108
</failure>
    </testcase>
    <testcase file="/home/travis/build/wirecard/paymentSDK-php/tests/acceptance/purchase_check_error_cards_3ds.feature" name="check_credit_card_3DS_functionality_error_cards: purchase_error_case | &quot;Auth Failed Sys Err VISA Data&quot;, &quot;201.0000&quot;" feature="purchase_error_case | &quot;Auth Failed Sys Err VISA Data&quot;, &quot;201.0000&quot;" assertions="4" time="44.163568">
      <failure type="PHPUnit_Framework_ExpectationFailedException">check_credit_card_3DS_functionality_error_cards: purchase_error_case | "Auth Failed Sys Err VISA Data", "201.0000"
Failed asserting that  on page /examples/CreditCard/return.php?status=success
--&gt; Payment SDK for PHP Examples
Response validation status: true
Error with code 500.1085 and message "A system error prevented authentication from completing. The card can be accepted for payment but no authentication information will be passed to authorization processing and no liability shift will t
[Content too long to display. See complete response in '/home/travis/build/wirecard/paymentSDK-php/tests/_output/' directory]
--&gt; contains "201.0000".

/home/travis/build/wirecard/paymentSDK-php/vendor/codeception/codeception/src/Codeception/Util/Shared/Asserts.php:311
/home/travis/build/wirecard/paymentSDK-php/vendor/codeception/codeception/src/Codeception/Module/WebDriver.php:2921
/home/travis/build/wirecard/paymentSDK-php/vendor/codeception/codeception/src/Codeception/Module/WebDriver.php:897
/home/travis/build/wirecard/paymentSDK-php/vendor/codeception/codeception/src/Codeception/Step.php:265
/home/travis/build/wirecard/paymentSDK-php/vendor/codeception/codeception/src/Codeception/Scenario.php:72
/home/travis/build/wirecard/paymentSDK-php/tests/_support/_generated/AcceptanceTesterActions.php:360
/home/travis/build/wirecard/paymentSDK-php/tests/_support/AcceptanceTester.php:170
/home/travis/build/wirecard/paymentSDK-php/vendor/codeception/codeception/src/Codeception/Test/Gherkin.php:142
/home/travis/build/wirecard/paymentSDK-php/vendor/codeception/codeception/src/Codeception/Test/Gherkin.php:88
/home/travis/build/wirecard/paymentSDK-php/vendor/codeception/codeception/src/Codeception/Test/Test.php:89
/home/travis/build/wirecard/paymentSDK-php/vendor/codeception/phpunit-wrapper/src/Runner.php:110
/home/travis/build/wirecard/paymentSDK-php/vendor/codeception/codeception/src/Codeception/SuiteManager.php:158
/home/travis/build/wirecard/paymentSDK-php/vendor/codeception/codeception/src/Codeception/Codecept.php:192
/home/travis/build/wirecard/paymentSDK-php/vendor/codeception/codeception/src/Codeception/Codecept.php:159
/home/travis/build/wirecard/paymentSDK-php/vendor/codeception/codeception/src/Codeception/Command/Run.php:495
/home/travis/build/wirecard/paymentSDK-php/vendor/codeception/codeception/src/Codeception/Command/Run.php:390
/home/travis/build/wirecard/paymentSDK-php/vendor/symfony/console/Command/Command.php:255
/home/travis/build/wirecard/paymentSDK-php/vendor/symfony/console/Application.php:953
/home/travis/build/wirecard/paymentSDK-php/vendor/symfony/console/Application.php:248
/home/travis/build/wirecard/paymentSDK-php/vendor/symfony/console/Application.php:148
/home/travis/build/wirecard/paymentSDK-php/vendor/codeception/codeception/src/Codeception/Application.php:108
</failure>
    </testcase>
    <testcase file="/home/travis/build/wirecard/paymentSDK-php/tests/acceptance/purchase_check_error_cards_3ds.feature" name="check_credit_card_3DS_functionality_error_cards: purchase_error_case | &quot;Auth Failed Sys Err Mastercard Data&quot;, &quot;201.0000&quot;" feature="purchase_error_case | &quot;Auth Failed Sys Err Mastercard Data&quot;, &quot;201.0000&quot;" assertions="4" time="46.228339">
      <failure type="PHPUnit_Framework_ExpectationFailedException">check_credit_card_3DS_functionality_error_cards: purchase_error_case | "Auth Failed Sys Err Mastercard Data", "201.0000"
Failed asserting that  on page /examples/CreditCard/return.php?status=success
--&gt; Payment SDK for PHP Examples
Response validation status: true
Error with code 500.1085 and message "A system error prevented authentication from completing. The card can be accepted for payment but no authentication information will be passed to authorization processing and no liability shift will t
[Content too long to display. See complete response in '/home/travis/build/wirecard/paymentSDK-php/tests/_output/' directory]
--&gt; contains "201.0000".

/home/travis/build/wirecard/paymentSDK-php/vendor/codeception/codeception/src/Codeception/Util/Shared/Asserts.php:311
/home/travis/build/wirecard/paymentSDK-php/vendor/codeception/codeception/src/Codeception/Module/WebDriver.php:2921
/home/travis/build/wirecard/paymentSDK-php/vendor/codeception/codeception/src/Codeception/Module/WebDriver.php:897
/home/travis/build/wirecard/paymentSDK-php/vendor/codeception/codeception/src/Codeception/Step.php:265
/home/travis/build/wirecard/paymentSDK-php/vendor/codeception/codeception/src/Codeception/Scenario.php:72
/home/travis/build/wirecard/paymentSDK-php/tests/_support/_generated/AcceptanceTesterActions.php:360
/home/travis/build/wirecard/paymentSDK-php/tests/_support/AcceptanceTester.php:170
/home/travis/build/wirecard/paymentSDK-php/vendor/codeception/codeception/src/Codeception/Test/Gherkin.php:142
/home/travis/build/wirecard/paymentSDK-php/vendor/codeception/codeception/src/Codeception/Test/Gherkin.php:88
/home/travis/build/wirecard/paymentSDK-php/vendor/codeception/codeception/src/Codeception/Test/Test.php:89
/home/travis/build/wirecard/paymentSDK-php/vendor/codeception/phpunit-wrapper/src/Runner.php:110
/home/travis/build/wirecard/paymentSDK-php/vendor/codeception/codeception/src/Codeception/SuiteManager.php:158
/home/travis/build/wirecard/paymentSDK-php/vendor/codeception/codeception/src/Codeception/Codecept.php:192
/home/travis/build/wirecard/paymentSDK-php/vendor/codeception/codeception/src/Codeception/Codecept.php:159
/home/travis/build/wirecard/paymentSDK-php/vendor/codeception/codeception/src/Codeception/Command/Run.php:495
/home/travis/build/wirecard/paymentSDK-php/vendor/codeception/codeception/src/Codeception/Command/Run.php:390
/home/travis/build/wirecard/paymentSDK-php/vendor/symfony/console/Command/Command.php:255
/home/travis/build/wirecard/paymentSDK-php/vendor/symfony/console/Application.php:953
/home/travis/build/wirecard/paymentSDK-php/vendor/symfony/console/Application.php:248
/home/travis/build/wirecard/paymentSDK-php/vendor/symfony/console/Application.php:148
/home/travis/build/wirecard/paymentSDK-php/vendor/codeception/codeception/src/Codeception/Application.php:108
</failure>
    </testcase>
    <testcase file="/home/travis/build/wirecard/paymentSDK-php/tests/acceptance/purchase_check_error_cards_3ds.feature" name="check_credit_card_3DS_functionality_error_cards: purchase_error_case | &quot;Auth Failed Sys Err Maestro Data&quot;, &quot;201.0000&quot;" feature="purchase_error_case | &quot;Auth Failed Sys Err Maestro Data&quot;, &quot;201.0000&quot;" assertions="1" time="24.670059">
      <failure type="PHPUnit_Framework_ExpectationFailedException">check_credit_card_3DS_functionality_error_cards: purchase_error_case | "Auth Failed Sys Err Maestro Data", "201.0000"
Failed asserting that '/examples/CreditCard/createUi_tokenize.php' contains "pay".

/home/travis/build/wirecard/paymentSDK-php/vendor/codeception/codeception/src/Codeception/Util/Shared/Asserts.php:151
/home/travis/build/wirecard/paymentSDK-php/vendor/codeception/codeception/src/Codeception/Module/WebDriver.php:1155
/home/travis/build/wirecard/paymentSDK-php/vendor/codeception/codeception/src/Codeception/Step.php:265
/home/travis/build/wirecard/paymentSDK-php/vendor/codeception/codeception/src/Codeception/Scenario.php:72
/home/travis/build/wirecard/paymentSDK-php/tests/_support/_generated/AcceptanceTesterActions.php:735
/home/travis/build/wirecard/paymentSDK-php/tests/_support/AcceptanceTester.php:124
/home/travis/build/wirecard/paymentSDK-php/vendor/codeception/codeception/src/Codeception/Test/Gherkin.php:142
/home/travis/build/wirecard/paymentSDK-php/vendor/codeception/codeception/src/Codeception/Test/Gherkin.php:88
/home/travis/build/wirecard/paymentSDK-php/vendor/codeception/codeception/src/Codeception/Test/Test.php:89
/home/travis/build/wirecard/paymentSDK-php/vendor/codeception/phpunit-wrapper/src/Runner.php:110
/home/travis/build/wirecard/paymentSDK-php/vendor/codeception/codeception/src/Codeception/SuiteManager.php:158
/home/travis/build/wirecard/paymentSDK-php/vendor/codeception/codeception/src/Codeception/Codecept.php:192
/home/travis/build/wirecard/paymentSDK-php/vendor/codeception/codeception/src/Codeception/Codecept.php:159
/home/travis/build/wirecard/paymentSDK-php/vendor/codeception/codeception/src/Codeception/Command/Run.php:495
/home/travis/build/wirecard/paymentSDK-php/vendor/codeception/codeception/src/Codeception/Command/Run.php:390
/home/travis/build/wirecard/paymentSDK-php/vendor/symfony/console/Command/Command.php:255
/home/travis/build/wirecard/paymentSDK-php/vendor/symfony/console/Application.php:953
/home/travis/build/wirecard/paymentSDK-php/vendor/symfony/console/Application.php:248
/home/travis/build/wirecard/paymentSDK-php/vendor/symfony/console/Application.php:148
/home/travis/build/wirecard/paymentSDK-php/vendor/codeception/codeception/src/Codeception/Application.php:108
</failure>
    </testcase>
    <testcase file="/home/travis/build/wirecard/paymentSDK-php/tests/acceptance/purchase_check_error_cards_3ds.feature" name="check_credit_card_3DS_functionality_error_cards: purchase_error_case | &quot;Card Holder Not Participating VISA Data&quot;, &quot;500.1072&quot;" feature="purchase_error_case | &quot;Card Holder Not Participating VISA Data&quot;, &quot;500.1072&quot;" assertions="1" time="33.015599">
      <error type="Facebook\WebDriver\Exception\NoSuchElementException">check_credit_card_3DS_functionality_error_cards: purchase_error_case | "Card Holder Not Participating VISA Data", "500.1072"
Facebook\WebDriver\Exception\NoSuchElementException: no such element: Unable to locate element: {"method":"xpath","selector":"//*[@class='btn btn-primary']"}
  (Session info: chrome=72.0.3626.109)
  (Driver info: chromedriver=2.45.615291 (ec3682e3c9061c10f26ea9e5cdcf3c53f3f74387),platform=Windows NT 6.1.7601 SP1 x86_64) (WARNING: The server did not provide any stacktrace information)
Command duration or timeout: 58 milliseconds
For documentation on this error, please visit: http://seleniumhq.org/exceptions/no_such_element.html
Build info: version: '2.53.0', revision: '35ae25b', time: '2016-03-15 17:00:58'
System info: host: '199-7-165-227', ip: '199.7.165.227', os.name: 'windows', os.arch: 'x86', os.version: '6.1', java.version: '1.8.0_181'
Driver info: org.openqa.selenium.chrome.ChromeDriver
Capabilities [{mobileEmulationEnabled=false, timeouts={implicit=0, pageLoad=300000, script=30000}, hasTouchScreen=false, platform=XP, acceptSslCerts=false, goog:chromeOptions={debuggerAddress=localhost:1602}, acceptInsecureCerts=false, webStorageEnabled=true, browserName=chrome, takesScreenshot=true, javascriptEnabled=true, setWindowRect=true, unexpectedAlertBehaviour=ignore, applicationCacheEnabled=false, rotatable=false, networkConnectionEnabled=false, chrome={chromedriverVersion=2.45.615291 (ec3682e3c9061c10f26ea9e5cdcf3c53f3f74387), userDataDir=C:\Windows\proxy\scoped_dir5840_266}, takesHeapSnapshot=true, pageLoadStrategy=normal, strictFileInteractability=false, databaseEnabled=false, handlesAlerts=true, version=72.0.3626.109, browserConnectionEnabled=false, proxy={}, nativeEvents=true, locationContextEnabled=true, cssSelectorsEnabled=true}]
Session ID: 91e3dd8342738ece6d5653aeb5b5bf18
*** Element info: {Using=xpath, value=//*[@class='btn btn-primary']}

/home/travis/build/wirecard/paymentSDK-php/vendor/facebook/webdriver/lib/Exception/WebDriverException.php:102
/home/travis/build/wirecard/paymentSDK-php/vendor/facebook/webdriver/lib/Remote/HttpCommandExecutor.php:326
/home/travis/build/wirecard/paymentSDK-php/vendor/facebook/webdriver/lib/Remote/RemoteWebDriver.php:547
/home/travis/build/wirecard/paymentSDK-php/vendor/facebook/webdriver/lib/Remote/RemoteWebDriver.php:187
/home/travis/build/wirecard/paymentSDK-php/vendor/facebook/webdriver/lib/WebDriverExpectedCondition.php:185
/home/travis/build/wirecard/paymentSDK-php/vendor/facebook/webdriver/lib/WebDriverWait.php:67
/home/travis/build/wirecard/paymentSDK-php/vendor/codeception/codeception/src/Codeception/Module/WebDriver.php:2322
/home/travis/build/wirecard/paymentSDK-php/vendor/codeception/codeception/src/Codeception/Step.php:265
/home/travis/build/wirecard/paymentSDK-php/vendor/codeception/codeception/src/Codeception/Scenario.php:72
/home/travis/build/wirecard/paymentSDK-php/tests/_support/_generated/AcceptanceTesterActions.php:2386
/home/travis/build/wirecard/paymentSDK-php/tests/_support/AcceptanceTester.php:161
/home/travis/build/wirecard/paymentSDK-php/vendor/codeception/codeception/src/Codeception/Test/Gherkin.php:142
/home/travis/build/wirecard/paymentSDK-php/vendor/codeception/codeception/src/Codeception/Test/Gherkin.php:88
/home/travis/build/wirecard/paymentSDK-php/vendor/codeception/codeception/src/Codeception/Test/Test.php:89
/home/travis/build/wirecard/paymentSDK-php/vendor/codeception/phpunit-wrapper/src/Runner.php:110
/home/travis/build/wirecard/paymentSDK-php/vendor/codeception/codeception/src/Codeception/SuiteManager.php:158
/home/travis/build/wirecard/paymentSDK-php/vendor/codeception/codeception/src/Codeception/Codecept.php:192
/home/travis/build/wirecard/paymentSDK-php/vendor/codeception/codeception/src/Codeception/Codecept.php:159
/home/travis/build/wirecard/paymentSDK-php/vendor/codeception/codeception/src/Codeception/Command/Run.php:495
/home/travis/build/wirecard/paymentSDK-php/vendor/codeception/codeception/src/Codeception/Command/Run.php:390
/home/travis/build/wirecard/paymentSDK-php/vendor/symfony/console/Command/Command.php:255
/home/travis/build/wirecard/paymentSDK-php/vendor/symfony/console/Application.php:953
/home/travis/build/wirecard/paymentSDK-php/vendor/symfony/console/Application.php:248
/home/travis/build/wirecard/paymentSDK-php/vendor/symfony/console/Application.php:148
/home/travis/build/wirecard/paymentSDK-php/vendor/codeception/codeception/src/Codeception/Application.php:108
</error>
    </testcase>
    <testcase file="/home/travis/build/wirecard/paymentSDK-php/tests/acceptance/purchase_check_error_cards_3ds.feature" name="check_credit_card_3DS_functionality_error_cards: purchase_error_case | &quot;Card Holder Not Participating Mastercard Data&quot;, &quot;500.1072&quot;" feature="purchase_error_case | &quot;Card Holder Not Participating Mastercard Data&quot;, &quot;500.1072&quot;" assertions="1" time="36.965455">
      <error type="Facebook\WebDriver\Exception\NoSuchElementException">check_credit_card_3DS_functionality_error_cards: purchase_error_case | "Card Holder Not Participating Mastercard Data", "500.1072"
Facebook\WebDriver\Exception\NoSuchElementException: no such element: Unable to locate element: {"method":"xpath","selector":"//*[@class='btn btn-primary']"}
  (Session info: chrome=72.0.3626.109)
  (Driver info: chromedriver=2.45.615291 (ec3682e3c9061c10f26ea9e5cdcf3c53f3f74387),platform=Windows NT 6.1.7601 SP1 x86_64) (WARNING: The server did not provide any stacktrace information)
Command duration or timeout: 29 milliseconds
For documentation on this error, please visit: http://seleniumhq.org/exceptions/no_such_element.html
Build info: version: '2.53.0', revision: '35ae25b', time: '2016-03-15 17:00:58'
System info: host: '199-7-165-227', ip: '199.7.165.227', os.name: 'windows', os.arch: 'x86', os.version: '6.1', java.version: '1.8.0_181'
Driver info: org.openqa.selenium.chrome.ChromeDriver
Capabilities [{mobileEmulationEnabled=false, timeouts={implicit=0, pageLoad=300000, script=30000}, hasTouchScreen=false, platform=XP, acceptSslCerts=false, goog:chromeOptions={debuggerAddress=localhost:1602}, acceptInsecureCerts=false, webStorageEnabled=true, browserName=chrome, takesScreenshot=true, javascriptEnabled=true, setWindowRect=true, unexpectedAlertBehaviour=ignore, applicationCacheEnabled=false, rotatable=false, networkConnectionEnabled=false, chrome={chromedriverVersion=2.45.615291 (ec3682e3c9061c10f26ea9e5cdcf3c53f3f74387), userDataDir=C:\Windows\proxy\scoped_dir5840_266}, takesHeapSnapshot=true, pageLoadStrategy=normal, strictFileInteractability=false, databaseEnabled=false, handlesAlerts=true, version=72.0.3626.109, browserConnectionEnabled=false, proxy={}, nativeEvents=true, locationContextEnabled=true, cssSelectorsEnabled=true}]
Session ID: 91e3dd8342738ece6d5653aeb5b5bf18
*** Element info: {Using=xpath, value=//*[@class='btn btn-primary']}

/home/travis/build/wirecard/paymentSDK-php/vendor/facebook/webdriver/lib/Exception/WebDriverException.php:102
/home/travis/build/wirecard/paymentSDK-php/vendor/facebook/webdriver/lib/Remote/HttpCommandExecutor.php:326
/home/travis/build/wirecard/paymentSDK-php/vendor/facebook/webdriver/lib/Remote/RemoteWebDriver.php:547
/home/travis/build/wirecard/paymentSDK-php/vendor/facebook/webdriver/lib/Remote/RemoteWebDriver.php:187
/home/travis/build/wirecard/paymentSDK-php/vendor/facebook/webdriver/lib/WebDriverExpectedCondition.php:185
/home/travis/build/wirecard/paymentSDK-php/vendor/facebook/webdriver/lib/WebDriverWait.php:67
/home/travis/build/wirecard/paymentSDK-php/vendor/codeception/codeception/src/Codeception/Module/WebDriver.php:2322
/home/travis/build/wirecard/paymentSDK-php/vendor/codeception/codeception/src/Codeception/Step.php:265
/home/travis/build/wirecard/paymentSDK-php/vendor/codeception/codeception/src/Codeception/Scenario.php:72
/home/travis/build/wirecard/paymentSDK-php/tests/_support/_generated/AcceptanceTesterActions.php:2386
/home/travis/build/wirecard/paymentSDK-php/tests/_support/AcceptanceTester.php:161
/home/travis/build/wirecard/paymentSDK-php/vendor/codeception/codeception/src/Codeception/Test/Gherkin.php:142
/home/travis/build/wirecard/paymentSDK-php/vendor/codeception/codeception/src/Codeception/Test/Gherkin.php:88
/home/travis/build/wirecard/paymentSDK-php/vendor/codeception/codeception/src/Codeception/Test/Test.php:89
/home/travis/build/wirecard/paymentSDK-php/vendor/codeception/phpunit-wrapper/src/Runner.php:110
/home/travis/build/wirecard/paymentSDK-php/vendor/codeception/codeception/src/Codeception/SuiteManager.php:158
/home/travis/build/wirecard/paymentSDK-php/vendor/codeception/codeception/src/Codeception/Codecept.php:192
/home/travis/build/wirecard/paymentSDK-php/vendor/codeception/codeception/src/Codeception/Codecept.php:159
/home/travis/build/wirecard/paymentSDK-php/vendor/codeception/codeception/src/Codeception/Command/Run.php:495
/home/travis/build/wirecard/paymentSDK-php/vendor/codeception/codeception/src/Codeception/Command/Run.php:390
/home/travis/build/wirecard/paymentSDK-php/vendor/symfony/console/Command/Command.php:255
/home/travis/build/wirecard/paymentSDK-php/vendor/symfony/console/Application.php:953
/home/travis/build/wirecard/paymentSDK-php/vendor/symfony/console/Application.php:248
/home/travis/build/wirecard/paymentSDK-php/vendor/symfony/console/Application.php:148
/home/travis/build/wirecard/paymentSDK-php/vendor/codeception/codeception/src/Codeception/Application.php:108
</error>
    </testcase>
    <testcase file="/home/travis/build/wirecard/paymentSDK-php/tests/acceptance/purchase_check_error_cards_3ds.feature" name="check_credit_card_3DS_functionality_error_cards: purchase_error_case | &quot;Card Holder Not Participating Maestro Data&quot;, &quot;500.1072&quot;" feature="purchase_error_case | &quot;Card Holder Not Participating Maestro Data&quot;, &quot;500.1072&quot;" assertions="1" time="25.758038">
      <failure type="PHPUnit_Framework_ExpectationFailedException">check_credit_card_3DS_functionality_error_cards: purchase_error_case | "Card Holder Not Participating Maestro Data", "500.1072"
Failed asserting that '/examples/CreditCard/createUi_tokenize.php' contains "pay".

/home/travis/build/wirecard/paymentSDK-php/vendor/codeception/codeception/src/Codeception/Util/Shared/Asserts.php:151
/home/travis/build/wirecard/paymentSDK-php/vendor/codeception/codeception/src/Codeception/Module/WebDriver.php:1155
/home/travis/build/wirecard/paymentSDK-php/vendor/codeception/codeception/src/Codeception/Step.php:265
/home/travis/build/wirecard/paymentSDK-php/vendor/codeception/codeception/src/Codeception/Scenario.php:72
/home/travis/build/wirecard/paymentSDK-php/tests/_support/_generated/AcceptanceTesterActions.php:735
/home/travis/build/wirecard/paymentSDK-php/tests/_support/AcceptanceTester.php:124
/home/travis/build/wirecard/paymentSDK-php/vendor/codeception/codeception/src/Codeception/Test/Gherkin.php:142
/home/travis/build/wirecard/paymentSDK-php/vendor/codeception/codeception/src/Codeception/Test/Gherkin.php:88
/home/travis/build/wirecard/paymentSDK-php/vendor/codeception/codeception/src/Codeception/Test/Test.php:89
/home/travis/build/wirecard/paymentSDK-php/vendor/codeception/phpunit-wrapper/src/Runner.php:110
/home/travis/build/wirecard/paymentSDK-php/vendor/codeception/codeception/src/Codeception/SuiteManager.php:158
/home/travis/build/wirecard/paymentSDK-php/vendor/codeception/codeception/src/Codeception/Codecept.php:192
/home/travis/build/wirecard/paymentSDK-php/vendor/codeception/codeception/src/Codeception/Codecept.php:159
/home/travis/build/wirecard/paymentSDK-php/vendor/codeception/codeception/src/Codeception/Command/Run.php:495
/home/travis/build/wirecard/paymentSDK-php/vendor/codeception/codeception/src/Codeception/Command/Run.php:390
/home/travis/build/wirecard/paymentSDK-php/vendor/symfony/console/Command/Command.php:255
/home/travis/build/wirecard/paymentSDK-php/vendor/symfony/console/Application.php:953
/home/travis/build/wirecard/paymentSDK-php/vendor/symfony/console/Application.php:248
/home/travis/build/wirecard/paymentSDK-php/vendor/symfony/console/Application.php:148
/home/travis/build/wirecard/paymentSDK-php/vendor/codeception/codeception/src/Codeception/Application.php:108
</failure>
    </testcase>
    <testcase file="/home/travis/build/wirecard/paymentSDK-php/tests/acceptance/purchase_check_error_cards_3ds.feature" name="check_credit_card_3DS_functionality_error_cards: purchase_error_case | &quot;Unable Verify Enrollment VISA Data&quot;, &quot;500.1073&quot;" feature="purchase_error_case | &quot;Unable Verify Enrollment VISA Data&quot;, &quot;500.1073&quot;" assertions="1" time="26.929166">
      <failure type="PHPUnit_Framework_ExpectationFailedException">check_credit_card_3DS_functionality_error_cards: purchase_error_case | "Unable Verify Enrollment VISA Data", "500.1073"
Failed asserting that '/examples/CreditCard/createUi_tokenize.php' contains "pay".

/home/travis/build/wirecard/paymentSDK-php/vendor/codeception/codeception/src/Codeception/Util/Shared/Asserts.php:151
/home/travis/build/wirecard/paymentSDK-php/vendor/codeception/codeception/src/Codeception/Module/WebDriver.php:1155
/home/travis/build/wirecard/paymentSDK-php/vendor/codeception/codeception/src/Codeception/Step.php:265
/home/travis/build/wirecard/paymentSDK-php/vendor/codeception/codeception/src/Codeception/Scenario.php:72
/home/travis/build/wirecard/paymentSDK-php/tests/_support/_generated/AcceptanceTesterActions.php:735
/home/travis/build/wirecard/paymentSDK-php/tests/_support/AcceptanceTester.php:124
/home/travis/build/wirecard/paymentSDK-php/vendor/codeception/codeception/src/Codeception/Test/Gherkin.php:142
/home/travis/build/wirecard/paymentSDK-php/vendor/codeception/codeception/src/Codeception/Test/Gherkin.php:88
/home/travis/build/wirecard/paymentSDK-php/vendor/codeception/codeception/src/Codeception/Test/Test.php:89
/home/travis/build/wirecard/paymentSDK-php/vendor/codeception/phpunit-wrapper/src/Runner.php:110
/home/travis/build/wirecard/paymentSDK-php/vendor/codeception/codeception/src/Codeception/SuiteManager.php:158
/home/travis/build/wirecard/paymentSDK-php/vendor/codeception/codeception/src/Codeception/Codecept.php:192
/home/travis/build/wirecard/paymentSDK-php/vendor/codeception/codeception/src/Codeception/Codecept.php:159
/home/travis/build/wirecard/paymentSDK-php/vendor/codeception/codeception/src/Codeception/Command/Run.php:495
/home/travis/build/wirecard/paymentSDK-php/vendor/codeception/codeception/src/Codeception/Command/Run.php:390
/home/travis/build/wirecard/paymentSDK-php/vendor/symfony/console/Command/Command.php:255
/home/travis/build/wirecard/paymentSDK-php/vendor/symfony/console/Application.php:953
/home/travis/build/wirecard/paymentSDK-php/vendor/symfony/console/Application.php:248
/home/travis/build/wirecard/paymentSDK-php/vendor/symfony/console/Application.php:148
/home/travis/build/wirecard/paymentSDK-php/vendor/codeception/codeception/src/Codeception/Application.php:108
</failure>
    </testcase>
    <testcase file="/home/travis/build/wirecard/paymentSDK-php/tests/acceptance/purchase_check_error_cards_3ds.feature" name="check_credit_card_3DS_functionality_error_cards: purchase_error_case | &quot;Unable Verify Enrollment Mastercard Data&quot;, &quot;500.1073&quot;" feature="purchase_error_case | &quot;Unable Verify Enrollment Mastercard Data&quot;, &quot;500.1073&quot;" assertions="1" time="33.801556">
      <error type="Facebook\WebDriver\Exception\NoSuchElementException">check_credit_card_3DS_functionality_error_cards: purchase_error_case | "Unable Verify Enrollment Mastercard Data", "500.1073"
Facebook\WebDriver\Exception\NoSuchElementException: no such element: Unable to locate element: {"method":"xpath","selector":"//*[@class='btn btn-primary']"}
  (Session info: chrome=72.0.3626.109)
  (Driver info: chromedriver=2.45.615291 (ec3682e3c9061c10f26ea9e5cdcf3c53f3f74387),platform=Windows NT 6.1.7601 SP1 x86_64) (WARNING: The server did not provide any stacktrace information)
Command duration or timeout: 29 milliseconds
For documentation on this error, please visit: http://seleniumhq.org/exceptions/no_such_element.html
Build info: version: '2.53.0', revision: '35ae25b', time: '2016-03-15 17:00:58'
System info: host: '199-7-165-227', ip: '199.7.165.227', os.name: 'windows', os.arch: 'x86', os.version: '6.1', java.version: '1.8.0_181'
Driver info: org.openqa.selenium.chrome.ChromeDriver
Capabilities [{mobileEmulationEnabled=false, timeouts={implicit=0, pageLoad=300000, script=30000}, hasTouchScreen=false, platform=XP, acceptSslCerts=false, goog:chromeOptions={debuggerAddress=localhost:1602}, acceptInsecureCerts=false, webStorageEnabled=true, browserName=chrome, takesScreenshot=true, javascriptEnabled=true, setWindowRect=true, unexpectedAlertBehaviour=ignore, applicationCacheEnabled=false, rotatable=false, networkConnectionEnabled=false, chrome={chromedriverVersion=2.45.615291 (ec3682e3c9061c10f26ea9e5cdcf3c53f3f74387), userDataDir=C:\Windows\proxy\scoped_dir5840_266}, takesHeapSnapshot=true, pageLoadStrategy=normal, strictFileInteractability=false, databaseEnabled=false, handlesAlerts=true, version=72.0.3626.109, browserConnectionEnabled=false, proxy={}, nativeEvents=true, locationContextEnabled=true, cssSelectorsEnabled=true}]
Session ID: 91e3dd8342738ece6d5653aeb5b5bf18
*** Element info: {Using=xpath, value=//*[@class='btn btn-primary']}

/home/travis/build/wirecard/paymentSDK-php/vendor/facebook/webdriver/lib/Exception/WebDriverException.php:102
/home/travis/build/wirecard/paymentSDK-php/vendor/facebook/webdriver/lib/Remote/HttpCommandExecutor.php:326
/home/travis/build/wirecard/paymentSDK-php/vendor/facebook/webdriver/lib/Remote/RemoteWebDriver.php:547
/home/travis/build/wirecard/paymentSDK-php/vendor/facebook/webdriver/lib/Remote/RemoteWebDriver.php:187
/home/travis/build/wirecard/paymentSDK-php/vendor/facebook/webdriver/lib/WebDriverExpectedCondition.php:185
/home/travis/build/wirecard/paymentSDK-php/vendor/facebook/webdriver/lib/WebDriverWait.php:67
/home/travis/build/wirecard/paymentSDK-php/vendor/codeception/codeception/src/Codeception/Module/WebDriver.php:2322
/home/travis/build/wirecard/paymentSDK-php/vendor/codeception/codeception/src/Codeception/Step.php:265
/home/travis/build/wirecard/paymentSDK-php/vendor/codeception/codeception/src/Codeception/Scenario.php:72
/home/travis/build/wirecard/paymentSDK-php/tests/_support/_generated/AcceptanceTesterActions.php:2386
/home/travis/build/wirecard/paymentSDK-php/tests/_support/AcceptanceTester.php:161
/home/travis/build/wirecard/paymentSDK-php/vendor/codeception/codeception/src/Codeception/Test/Gherkin.php:142
/home/travis/build/wirecard/paymentSDK-php/vendor/codeception/codeception/src/Codeception/Test/Gherkin.php:88
/home/travis/build/wirecard/paymentSDK-php/vendor/codeception/codeception/src/Codeception/Test/Test.php:89
/home/travis/build/wirecard/paymentSDK-php/vendor/codeception/phpunit-wrapper/src/Runner.php:110
/home/travis/build/wirecard/paymentSDK-php/vendor/codeception/codeception/src/Codeception/SuiteManager.php:158
/home/travis/build/wirecard/paymentSDK-php/vendor/codeception/codeception/src/Codeception/Codecept.php:192
/home/travis/build/wirecard/paymentSDK-php/vendor/codeception/codeception/src/Codeception/Codecept.php:159
/home/travis/build/wirecard/paymentSDK-php/vendor/codeception/codeception/src/Codeception/Command/Run.php:495
/home/travis/build/wirecard/paymentSDK-php/vendor/codeception/codeception/src/Codeception/Command/Run.php:390
/home/travis/build/wirecard/paymentSDK-php/vendor/symfony/console/Command/Command.php:255
/home/travis/build/wirecard/paymentSDK-php/vendor/symfony/console/Application.php:953
/home/travis/build/wirecard/paymentSDK-php/vendor/symfony/console/Application.php:248
/home/travis/build/wirecard/paymentSDK-php/vendor/symfony/console/Application.php:148
/home/travis/build/wirecard/paymentSDK-php/vendor/codeception/codeception/src/Codeception/Application.php:108
</error>
    </testcase>
    <testcase file="/home/travis/build/wirecard/paymentSDK-php/tests/acceptance/purchase_check_error_cards_3ds.feature" name="check_credit_card_3DS_functionality_error_cards: purchase_error_case | &quot;Unable Verify Enrollment Maestro Data&quot;, &quot;500.1073&quot;" feature="purchase_error_case | &quot;Unable Verify Enrollment Maestro Data&quot;, &quot;500.1073&quot;" assertions="1" time="25.173649">
      <failure type="PHPUnit_Framework_ExpectationFailedException">check_credit_card_3DS_functionality_error_cards: purchase_error_case | "Unable Verify Enrollment Maestro Data", "500.1073"
Failed asserting that '/examples/CreditCard/createUi_tokenize.php' contains "pay".

/home/travis/build/wirecard/paymentSDK-php/vendor/codeception/codeception/src/Codeception/Util/Shared/Asserts.php:151
/home/travis/build/wirecard/paymentSDK-php/vendor/codeception/codeception/src/Codeception/Module/WebDriver.php:1155
/home/travis/build/wirecard/paymentSDK-php/vendor/codeception/codeception/src/Codeception/Step.php:265
/home/travis/build/wirecard/paymentSDK-php/vendor/codeception/codeception/src/Codeception/Scenario.php:72
/home/travis/build/wirecard/paymentSDK-php/tests/_support/_generated/AcceptanceTesterActions.php:735
/home/travis/build/wirecard/paymentSDK-php/tests/_support/AcceptanceTester.php:124
/home/travis/build/wirecard/paymentSDK-php/vendor/codeception/codeception/src/Codeception/Test/Gherkin.php:142
/home/travis/build/wirecard/paymentSDK-php/vendor/codeception/codeception/src/Codeception/Test/Gherkin.php:88
/home/travis/build/wirecard/paymentSDK-php/vendor/codeception/codeception/src/Codeception/Test/Test.php:89
/home/travis/build/wirecard/paymentSDK-php/vendor/codeception/phpunit-wrapper/src/Runner.php:110
/home/travis/build/wirecard/paymentSDK-php/vendor/codeception/codeception/src/Codeception/SuiteManager.php:158
/home/travis/build/wirecard/paymentSDK-php/vendor/codeception/codeception/src/Codeception/Codecept.php:192
/home/travis/build/wirecard/paymentSDK-php/vendor/codeception/codeception/src/Codeception/Codecept.php:159
/home/travis/build/wirecard/paymentSDK-php/vendor/codeception/codeception/src/Codeception/Command/Run.php:495
/home/travis/build/wirecard/paymentSDK-php/vendor/codeception/codeception/src/Codeception/Command/Run.php:390
/home/travis/build/wirecard/paymentSDK-php/vendor/symfony/console/Command/Command.php:255
/home/travis/build/wirecard/paymentSDK-php/vendor/symfony/console/Application.php:953
/home/travis/build/wirecard/paymentSDK-php/vendor/symfony/console/Application.php:248
/home/travis/build/wirecard/paymentSDK-php/vendor/symfony/console/Application.php:148
/home/travis/build/wirecard/paymentSDK-php/vendor/codeception/codeception/src/Codeception/Application.php:108
</failure>
    </testcase>
    <testcase file="/home/travis/build/wirecard/paymentSDK-php/tests/acceptance/purchase_check_error_cards_3ds.feature" name="check_credit_card_3DS_functionality_error_cards: purchase_error_case | &quot;Sys Err Prevent Enrollment VISA Data&quot;, &quot;500.1074&quot;" feature="purchase_error_case | &quot;Sys Err Prevent Enrollment VISA Data&quot;, &quot;500.1074&quot;" assertions="1" time="33.379296">
      <error type="Facebook\WebDriver\Exception\NoSuchElementException">check_credit_card_3DS_functionality_error_cards: purchase_error_case | "Sys Err Prevent Enrollment VISA Data", "500.1074"
Facebook\WebDriver\Exception\NoSuchElementException: no such element: Unable to locate element: {"method":"xpath","selector":"//*[@class='btn btn-primary']"}
  (Session info: chrome=72.0.3626.109)
  (Driver info: chromedriver=2.45.615291 (ec3682e3c9061c10f26ea9e5cdcf3c53f3f74387),platform=Windows NT 6.1.7601 SP1 x86_64) (WARNING: The server did not provide any stacktrace information)
Command duration or timeout: 35 milliseconds
For documentation on this error, please visit: http://seleniumhq.org/exceptions/no_such_element.html
Build info: version: '2.53.0', revision: '35ae25b', time: '2016-03-15 17:00:58'
System info: host: '199-7-165-227', ip: '199.7.165.227', os.name: 'windows', os.arch: 'x86', os.version: '6.1', java.version: '1.8.0_181'
Driver info: org.openqa.selenium.chrome.ChromeDriver
Capabilities [{mobileEmulationEnabled=false, timeouts={implicit=0, pageLoad=300000, script=30000}, hasTouchScreen=false, platform=XP, acceptSslCerts=false, goog:chromeOptions={debuggerAddress=localhost:1602}, acceptInsecureCerts=false, webStorageEnabled=true, browserName=chrome, takesScreenshot=true, javascriptEnabled=true, setWindowRect=true, unexpectedAlertBehaviour=ignore, applicationCacheEnabled=false, rotatable=false, networkConnectionEnabled=false, chrome={chromedriverVersion=2.45.615291 (ec3682e3c9061c10f26ea9e5cdcf3c53f3f74387), userDataDir=C:\Windows\proxy\scoped_dir5840_266}, takesHeapSnapshot=true, pageLoadStrategy=normal, strictFileInteractability=false, databaseEnabled=false, handlesAlerts=true, version=72.0.3626.109, browserConnectionEnabled=false, proxy={}, nativeEvents=true, locationContextEnabled=true, cssSelectorsEnabled=true}]
Session ID: 91e3dd8342738ece6d5653aeb5b5bf18
*** Element info: {Using=xpath, value=//*[@class='btn btn-primary']}

/home/travis/build/wirecard/paymentSDK-php/vendor/facebook/webdriver/lib/Exception/WebDriverException.php:102
/home/travis/build/wirecard/paymentSDK-php/vendor/facebook/webdriver/lib/Remote/HttpCommandExecutor.php:326
/home/travis/build/wirecard/paymentSDK-php/vendor/facebook/webdriver/lib/Remote/RemoteWebDriver.php:547
/home/travis/build/wirecard/paymentSDK-php/vendor/facebook/webdriver/lib/Remote/RemoteWebDriver.php:187
/home/travis/build/wirecard/paymentSDK-php/vendor/facebook/webdriver/lib/WebDriverExpectedCondition.php:185
/home/travis/build/wirecard/paymentSDK-php/vendor/facebook/webdriver/lib/WebDriverWait.php:67
/home/travis/build/wirecard/paymentSDK-php/vendor/codeception/codeception/src/Codeception/Module/WebDriver.php:2322
/home/travis/build/wirecard/paymentSDK-php/vendor/codeception/codeception/src/Codeception/Step.php:265
/home/travis/build/wirecard/paymentSDK-php/vendor/codeception/codeception/src/Codeception/Scenario.php:72
/home/travis/build/wirecard/paymentSDK-php/tests/_support/_generated/AcceptanceTesterActions.php:2386
/home/travis/build/wirecard/paymentSDK-php/tests/_support/AcceptanceTester.php:161
/home/travis/build/wirecard/paymentSDK-php/vendor/codeception/codeception/src/Codeception/Test/Gherkin.php:142
/home/travis/build/wirecard/paymentSDK-php/vendor/codeception/codeception/src/Codeception/Test/Gherkin.php:88
/home/travis/build/wirecard/paymentSDK-php/vendor/codeception/codeception/src/Codeception/Test/Test.php:89
/home/travis/build/wirecard/paymentSDK-php/vendor/codeception/phpunit-wrapper/src/Runner.php:110
/home/travis/build/wirecard/paymentSDK-php/vendor/codeception/codeception/src/Codeception/SuiteManager.php:158
/home/travis/build/wirecard/paymentSDK-php/vendor/codeception/codeception/src/Codeception/Codecept.php:192
/home/travis/build/wirecard/paymentSDK-php/vendor/codeception/codeception/src/Codeception/Codecept.php:159
/home/travis/build/wirecard/paymentSDK-php/vendor/codeception/codeception/src/Codeception/Command/Run.php:495
/home/travis/build/wirecard/paymentSDK-php/vendor/codeception/codeception/src/Codeception/Command/Run.php:390
/home/travis/build/wirecard/paymentSDK-php/vendor/symfony/console/Command/Command.php:255
/home/travis/build/wirecard/paymentSDK-php/vendor/symfony/console/Application.php:953
/home/travis/build/wirecard/paymentSDK-php/vendor/symfony/console/Application.php:248
/home/travis/build/wirecard/paymentSDK-php/vendor/symfony/console/Application.php:148
/home/travis/build/wirecard/paymentSDK-php/vendor/codeception/codeception/src/Codeception/Application.php:108
</error>
    </testcase>
    <testcase file="/home/travis/build/wirecard/paymentSDK-php/tests/acceptance/purchase_check_error_cards_3ds.feature" name="check_credit_card_3DS_functionality_error_cards: purchase_error_case | &quot;Sys Err Prevent Enrollment Mastercard Data&quot;, &quot;500.1074&quot;" feature="purchase_error_case | &quot;Sys Err Prevent Enrollment Mastercard Data&quot;, &quot;500.1074&quot;" assertions="1" time="35.933755">
      <error type="Facebook\WebDriver\Exception\NoSuchElementException">check_credit_card_3DS_functionality_error_cards: purchase_error_case | "Sys Err Prevent Enrollment Mastercard Data", "500.1074"
Facebook\WebDriver\Exception\NoSuchElementException: no such element: Unable to locate element: {"method":"xpath","selector":"//*[@class='btn btn-primary']"}
  (Session info: chrome=72.0.3626.109)
  (Driver info: chromedriver=2.45.615291 (ec3682e3c9061c10f26ea9e5cdcf3c53f3f74387),platform=Windows NT 6.1.7601 SP1 x86_64) (WARNING: The server did not provide any stacktrace information)
Command duration or timeout: 29 milliseconds
For documentation on this error, please visit: http://seleniumhq.org/exceptions/no_such_element.html
Build info: version: '2.53.0', revision: '35ae25b', time: '2016-03-15 17:00:58'
System info: host: '199-7-165-227', ip: '199.7.165.227', os.name: 'windows', os.arch: 'x86', os.version: '6.1', java.version: '1.8.0_181'
Driver info: org.openqa.selenium.chrome.ChromeDriver
Capabilities [{mobileEmulationEnabled=false, timeouts={implicit=0, pageLoad=300000, script=30000}, hasTouchScreen=false, platform=XP, acceptSslCerts=false, goog:chromeOptions={debuggerAddress=localhost:1602}, acceptInsecureCerts=false, webStorageEnabled=true, browserName=chrome, takesScreenshot=true, javascriptEnabled=true, setWindowRect=true, unexpectedAlertBehaviour=ignore, applicationCacheEnabled=false, rotatable=false, networkConnectionEnabled=false, chrome={chromedriverVersion=2.45.615291 (ec3682e3c9061c10f26ea9e5cdcf3c53f3f74387), userDataDir=C:\Windows\proxy\scoped_dir5840_266}, takesHeapSnapshot=true, pageLoadStrategy=normal, strictFileInteractability=false, databaseEnabled=false, handlesAlerts=true, version=72.0.3626.109, browserConnectionEnabled=false, proxy={}, nativeEvents=true, locationContextEnabled=true, cssSelectorsEnabled=true}]
Session ID: 91e3dd8342738ece6d5653aeb5b5bf18
*** Element info: {Using=xpath, value=//*[@class='btn btn-primary']}

/home/travis/build/wirecard/paymentSDK-php/vendor/facebook/webdriver/lib/Exception/WebDriverException.php:102
/home/travis/build/wirecard/paymentSDK-php/vendor/facebook/webdriver/lib/Remote/HttpCommandExecutor.php:326
/home/travis/build/wirecard/paymentSDK-php/vendor/facebook/webdriver/lib/Remote/RemoteWebDriver.php:547
/home/travis/build/wirecard/paymentSDK-php/vendor/facebook/webdriver/lib/Remote/RemoteWebDriver.php:187
/home/travis/build/wirecard/paymentSDK-php/vendor/facebook/webdriver/lib/WebDriverExpectedCondition.php:185
/home/travis/build/wirecard/paymentSDK-php/vendor/facebook/webdriver/lib/WebDriverWait.php:67
/home/travis/build/wirecard/paymentSDK-php/vendor/codeception/codeception/src/Codeception/Module/WebDriver.php:2322
/home/travis/build/wirecard/paymentSDK-php/vendor/codeception/codeception/src/Codeception/Step.php:265
/home/travis/build/wirecard/paymentSDK-php/vendor/codeception/codeception/src/Codeception/Scenario.php:72
/home/travis/build/wirecard/paymentSDK-php/tests/_support/_generated/AcceptanceTesterActions.php:2386
/home/travis/build/wirecard/paymentSDK-php/tests/_support/AcceptanceTester.php:161
/home/travis/build/wirecard/paymentSDK-php/vendor/codeception/codeception/src/Codeception/Test/Gherkin.php:142
/home/travis/build/wirecard/paymentSDK-php/vendor/codeception/codeception/src/Codeception/Test/Gherkin.php:88
/home/travis/build/wirecard/paymentSDK-php/vendor/codeception/codeception/src/Codeception/Test/Test.php:89
/home/travis/build/wirecard/paymentSDK-php/vendor/codeception/phpunit-wrapper/src/Runner.php:110
/home/travis/build/wirecard/paymentSDK-php/vendor/codeception/codeception/src/Codeception/SuiteManager.php:158
/home/travis/build/wirecard/paymentSDK-php/vendor/codeception/codeception/src/Codeception/Codecept.php:192
/home/travis/build/wirecard/paymentSDK-php/vendor/codeception/codeception/src/Codeception/Codecept.php:159
/home/travis/build/wirecard/paymentSDK-php/vendor/codeception/codeception/src/Codeception/Command/Run.php:495
/home/travis/build/wirecard/paymentSDK-php/vendor/codeception/codeception/src/Codeception/Command/Run.php:390
/home/travis/build/wirecard/paymentSDK-php/vendor/symfony/console/Command/Command.php:255
/home/travis/build/wirecard/paymentSDK-php/vendor/symfony/console/Application.php:953
/home/travis/build/wirecard/paymentSDK-php/vendor/symfony/console/Application.php:248
/home/travis/build/wirecard/paymentSDK-php/vendor/symfony/console/Application.php:148
/home/travis/build/wirecard/paymentSDK-php/vendor/codeception/codeception/src/Codeception/Application.php:108
</error>
    </testcase>
    <testcase file="/home/travis/build/wirecard/paymentSDK-php/tests/acceptance/purchase_check_error_cards_3ds.feature" name="check_credit_card_3DS_functionality_error_cards: purchase_error_case | &quot;Sys Err Prevent Enrollment Maestro Data&quot;, &quot;500.1074&quot;" feature="purchase_error_case | &quot;Sys Err Prevent Enrollment Maestro Data&quot;, &quot;500.1074&quot;" assertions="1" time="28.869143">
      <failure type="PHPUnit_Framework_ExpectationFailedException">check_credit_card_3DS_functionality_error_cards: purchase_error_case | "Sys Err Prevent Enrollment Maestro Data", "500.1074"
Failed asserting that '/examples/CreditCard/createUi_tokenize.php' contains "pay".

/home/travis/build/wirecard/paymentSDK-php/vendor/codeception/codeception/src/Codeception/Util/Shared/Asserts.php:151
/home/travis/build/wirecard/paymentSDK-php/vendor/codeception/codeception/src/Codeception/Module/WebDriver.php:1155
/home/travis/build/wirecard/paymentSDK-php/vendor/codeception/codeception/src/Codeception/Step.php:265
/home/travis/build/wirecard/paymentSDK-php/vendor/codeception/codeception/src/Codeception/Scenario.php:72
/home/travis/build/wirecard/paymentSDK-php/tests/_support/_generated/AcceptanceTesterActions.php:735
/home/travis/build/wirecard/paymentSDK-php/tests/_support/AcceptanceTester.php:124
/home/travis/build/wirecard/paymentSDK-php/vendor/codeception/codeception/src/Codeception/Test/Gherkin.php:142
/home/travis/build/wirecard/paymentSDK-php/vendor/codeception/codeception/src/Codeception/Test/Gherkin.php:88
/home/travis/build/wirecard/paymentSDK-php/vendor/codeception/codeception/src/Codeception/Test/Test.php:89
/home/travis/build/wirecard/paymentSDK-php/vendor/codeception/phpunit-wrapper/src/Runner.php:110
/home/travis/build/wirecard/paymentSDK-php/vendor/codeception/codeception/src/Codeception/SuiteManager.php:158
/home/travis/build/wirecard/paymentSDK-php/vendor/codeception/codeception/src/Codeception/Codecept.php:192
/home/travis/build/wirecard/paymentSDK-php/vendor/codeception/codeception/src/Codeception/Codecept.php:159
/home/travis/build/wirecard/paymentSDK-php/vendor/codeception/codeception/src/Codeception/Command/Run.php:495
/home/travis/build/wirecard/paymentSDK-php/vendor/codeception/codeception/src/Codeception/Command/Run.php:390
/home/travis/build/wirecard/paymentSDK-php/vendor/symfony/console/Command/Command.php:255
/home/travis/build/wirecard/paymentSDK-php/vendor/symfony/console/Application.php:953
/home/travis/build/wirecard/paymentSDK-php/vendor/symfony/console/Application.php:248
/home/travis/build/wirecard/paymentSDK-php/vendor/symfony/console/Application.php:148
/home/travis/build/wirecard/paymentSDK-php/vendor/codeception/codeception/src/Codeception/Application.php:108
</failure>
    </testcase>
    <testcase file="/home/travis/build/wirecard/paymentSDK-php/tests/acceptance/purchase_check_happy_path_3ds.feature" name="check_credit_card_3DS_functionality_happy_path: try purchase_check" feature="try purchase_check" assertions="5" time="43.223778"/>
    <testcase file="/home/travis/build/wirecard/paymentSDK-php/tests/acceptance/purchase_check_happy_path_3ds.feature" name="check_credit_card_3DS_functionality_happy_path: try void_purchase_check" feature="try void_purchase_check" assertions="5" time="48.913120">
      <failure type="PHPUnit_Framework_ExpectationFailedException">check_credit_card_3DS_functionality_happy_path: try void_purchase_check
Failed asserting that  on page /examples/CreditCard/cancel.php
--&gt; Payment SDK for PHP Examples
Error with code 500.1098 and message "Credit restriction violation. Please check with Issuer, or use different card." occurred.
--&gt; contains "Payment successfully cancelled.".

/home/travis/build/wirecard/paymentSDK-php/vendor/codeception/codeception/src/Codeception/Util/Shared/Asserts.php:311
/home/travis/build/wirecard/paymentSDK-php/vendor/codeception/codeception/src/Codeception/Module/WebDriver.php:2921
/home/travis/build/wirecard/paymentSDK-php/vendor/codeception/codeception/src/Codeception/Module/WebDriver.php:897
/home/travis/build/wirecard/paymentSDK-php/vendor/codeception/codeception/src/Codeception/Step.php:265
/home/travis/build/wirecard/paymentSDK-php/vendor/codeception/codeception/src/Codeception/Scenario.php:72
/home/travis/build/wirecard/paymentSDK-php/tests/_support/_generated/AcceptanceTesterActions.php:360
/home/travis/build/wirecard/paymentSDK-php/tests/_support/AcceptanceTester.php:170
/home/travis/build/wirecard/paymentSDK-php/vendor/codeception/codeception/src/Codeception/Test/Gherkin.php:142
/home/travis/build/wirecard/paymentSDK-php/vendor/codeception/codeception/src/Codeception/Test/Gherkin.php:88
/home/travis/build/wirecard/paymentSDK-php/vendor/codeception/codeception/src/Codeception/Test/Test.php:89
/home/travis/build/wirecard/paymentSDK-php/vendor/codeception/phpunit-wrapper/src/Runner.php:110
/home/travis/build/wirecard/paymentSDK-php/vendor/codeception/codeception/src/Codeception/SuiteManager.php:158
/home/travis/build/wirecard/paymentSDK-php/vendor/codeception/codeception/src/Codeception/Codecept.php:192
/home/travis/build/wirecard/paymentSDK-php/vendor/codeception/codeception/src/Codeception/Codecept.php:159
/home/travis/build/wirecard/paymentSDK-php/vendor/codeception/codeception/src/Codeception/Command/Run.php:495
/home/travis/build/wirecard/paymentSDK-php/vendor/codeception/codeception/src/Codeception/Command/Run.php:390
/home/travis/build/wirecard/paymentSDK-php/vendor/symfony/console/Command/Command.php:255
/home/travis/build/wirecard/paymentSDK-php/vendor/symfony/console/Application.php:953
/home/travis/build/wirecard/paymentSDK-php/vendor/symfony/console/Application.php:248
/home/travis/build/wirecard/paymentSDK-php/vendor/symfony/console/Application.php:148
/home/travis/build/wirecard/paymentSDK-php/vendor/codeception/codeception/src/Codeception/Application.php:108
</failure>
    </testcase>
    <testcase file="/home/travis/build/wirecard/paymentSDK-php/tests/acceptance/purchase_check_happy_path_non_3ds.feature" name="check_credit_card_Non_3DS_functionality_happy_path: try purchase_check" feature="try purchase_check" assertions="2" time="25.135654">
      <failure type="PHPUnit_Framework_ExpectationFailedException">check_credit_card_Non_3DS_functionality_happy_path: try purchase_check
Failed asserting that  on page /examples/CreditCard/pay_tokenize.php
--&gt; Payment SDK for PHP Examples
Error with code 400.1031 and message "Malformed request. Syntax of the request is invalid. Please check your input and try again." occurred.
--&gt; contains "Reservation successfully completed.".

/home/travis/build/wirecard/paymentSDK-php/vendor/codeception/codeception/src/Codeception/Util/Shared/Asserts.php:311
/home/travis/build/wirecard/paymentSDK-php/vendor/codeception/codeception/src/Codeception/Module/WebDriver.php:2921
/home/travis/build/wirecard/paymentSDK-php/vendor/codeception/codeception/src/Codeception/Module/WebDriver.php:897
/home/travis/build/wirecard/paymentSDK-php/vendor/codeception/codeception/src/Codeception/Step.php:265
/home/travis/build/wirecard/paymentSDK-php/vendor/codeception/codeception/src/Codeception/Scenario.php:72
/home/travis/build/wirecard/paymentSDK-php/tests/_support/_generated/AcceptanceTesterActions.php:360
/home/travis/build/wirecard/paymentSDK-php/tests/_support/AcceptanceTester.php:170
/home/travis/build/wirecard/paymentSDK-php/vendor/codeception/codeception/src/Codeception/Test/Gherkin.php:142
/home/travis/build/wirecard/paymentSDK-php/vendor/codeception/codeception/src/Codeception/Test/Gherkin.php:88
/home/travis/build/wirecard/paymentSDK-php/vendor/codeception/codeception/src/Codeception/Test/Test.php:89
/home/travis/build/wirecard/paymentSDK-php/vendor/codeception/phpunit-wrapper/src/Runner.php:110
/home/travis/build/wirecard/paymentSDK-php/vendor/codeception/codeception/src/Codeception/SuiteManager.php:158
/home/travis/build/wirecard/paymentSDK-php/vendor/codeception/codeception/src/Codeception/Codecept.php:192
/home/travis/build/wirecard/paymentSDK-php/vendor/codeception/codeception/src/Codeception/Codecept.php:159
/home/travis/build/wirecard/paymentSDK-php/vendor/codeception/codeception/src/Codeception/Command/Run.php:495
/home/travis/build/wirecard/paymentSDK-php/vendor/codeception/codeception/src/Codeception/Command/Run.php:390
/home/travis/build/wirecard/paymentSDK-php/vendor/symfony/console/Command/Command.php:255
/home/travis/build/wirecard/paymentSDK-php/vendor/symfony/console/Application.php:953
/home/travis/build/wirecard/paymentSDK-php/vendor/symfony/console/Application.php:248
/home/travis/build/wirecard/paymentSDK-php/vendor/symfony/console/Application.php:148
/home/travis/build/wirecard/paymentSDK-php/vendor/codeception/codeception/src/Codeception/Application.php:108
</failure>
    </testcase>
    <testcase file="/home/travis/build/wirecard/paymentSDK-php/tests/acceptance/purchase_check_happy_path_non_3ds.feature" name="check_credit_card_Non_3DS_functionality_happy_path: try void_purchase_check" feature="try void_purchase_check" assertions="2" time="26.966093">
      <failure type="PHPUnit_Framework_ExpectationFailedException">check_credit_card_Non_3DS_functionality_happy_path: try void_purchase_check
Failed asserting that  on page /examples/CreditCard/pay_tokenize.php
--&gt; Payment SDK for PHP Examples
Error with code 400.1031 and message "Malformed request. Syntax of the request is invalid. Please check your input and try again." occurred.
--&gt; contains "Transaction ID".

/home/travis/build/wirecard/paymentSDK-php/vendor/codeception/codeception/src/Codeception/Util/Shared/Asserts.php:311
/home/travis/build/wirecard/paymentSDK-php/vendor/codeception/codeception/src/Codeception/Module/WebDriver.php:2921
/home/travis/build/wirecard/paymentSDK-php/vendor/codeception/codeception/src/Codeception/Module/WebDriver.php:897
/home/travis/build/wirecard/paymentSDK-php/vendor/codeception/codeception/src/Codeception/Step.php:265
/home/travis/build/wirecard/paymentSDK-php/vendor/codeception/codeception/src/Codeception/Scenario.php:72
/home/travis/build/wirecard/paymentSDK-php/tests/_support/_generated/AcceptanceTesterActions.php:360
/home/travis/build/wirecard/paymentSDK-php/tests/_support/AcceptanceTester.php:170
/home/travis/build/wirecard/paymentSDK-php/vendor/codeception/codeception/src/Codeception/Test/Gherkin.php:142
/home/travis/build/wirecard/paymentSDK-php/vendor/codeception/codeception/src/Codeception/Test/Gherkin.php:88
/home/travis/build/wirecard/paymentSDK-php/vendor/codeception/codeception/src/Codeception/Test/Test.php:89
/home/travis/build/wirecard/paymentSDK-php/vendor/codeception/phpunit-wrapper/src/Runner.php:110
/home/travis/build/wirecard/paymentSDK-php/vendor/codeception/codeception/src/Codeception/SuiteManager.php:158
/home/travis/build/wirecard/paymentSDK-php/vendor/codeception/codeception/src/Codeception/Codecept.php:192
/home/travis/build/wirecard/paymentSDK-php/vendor/codeception/codeception/src/Codeception/Codecept.php:159
/home/travis/build/wirecard/paymentSDK-php/vendor/codeception/codeception/src/Codeception/Command/Run.php:495
/home/travis/build/wirecard/paymentSDK-php/vendor/codeception/codeception/src/Codeception/Command/Run.php:390
/home/travis/build/wirecard/paymentSDK-php/vendor/symfony/console/Command/Command.php:255
/home/travis/build/wirecard/paymentSDK-php/vendor/symfony/console/Application.php:953
/home/travis/build/wirecard/paymentSDK-php/vendor/symfony/console/Application.php:248
/home/travis/build/wirecard/paymentSDK-php/vendor/symfony/console/Application.php:148
/home/travis/build/wirecard/paymentSDK-php/vendor/codeception/codeception/src/Codeception/Application.php:108
</failure>
    </testcase>
  </testsuite>
</testsuites>
