<?xml version="1.0" encoding="UTF-8"?>
<testsuites name="Mocha Tests" time="60.158" tests="1" failures="2">
  <testsuite name="Root Suite" timestamp="2019-06-13T09:28:17" tests="0" failures="0" time="0">
  </testsuite>
  <testsuite name="Guaranteed Invoice by Wirecard test" timestamp="2019-06-13T09:28:17" tests="1" file="/home/travis/shopware/custom/plugins/WirecardElasticEngine/Tests/Selenium/Payments/RatepayTest.js" failures="2" time="60.158">
    <testcase name="Guaranteed Invoice by Wirecard test should check the ratepay invoice process" time="60.058" classname="should check the ratepay invoice process">
      <failure message="Timeout of 60000ms exceeded. For async tests and hooks, ensure &quot;done()&quot; is called; if returning a Promise, ensure it resolves. (/home/travis/shopware/custom/plugins/WirecardElasticEngine/Tests/Selenium/Payments/RatepayTest.js)" type="Error"><![CDATA[Error: Timeout of 60000ms exceeded. For async tests and hooks, ensure "done()" is called; if returning a Promise, ensure it resolves. (/home/travis/shopware/custom/plugins/WirecardElasticEngine/Tests/Selenium/Payments/RatepayTest.js)]]></failure>
    </testcase>
    <testcase name="Guaranteed Invoice by Wirecard test &quot;after all&quot; hook" time="0.1" classname="&quot;after all&quot; hook">
      <failure message="unknown error: Chrome failed to start: exited abnormally
  (Driver info: chromedriver=2.38.552522 (437e6fbedfa8762dec75e2c5b3ddb86763dc9dcb),platform=Linux 4.4.0-101-generic x86_64)" type="WebDriverError"><![CDATA[WebDriverError: unknown error: Chrome failed to start: exited abnormally
  (Driver info: chromedriver=2.38.552522 (437e6fbedfa8762dec75e2c5b3ddb86763dc9dcb),platform=Linux 4.4.0-101-generic x86_64)
    at Object.checkLegacyResponse (node_modules/selenium-webdriver/lib/error.js:585:15)
    at parseHttpResponse (node_modules/selenium-webdriver/lib/http.js:533:13)
    at Executor.execute (node_modules/selenium-webdriver/lib/http.js:468:26)
    at <anonymous>
    at process._tickCallback (internal/process/next_tick.js:188:7)]]></failure>
    </testcase>
  </testsuite>
</testsuites>