<?xml version="1.0" encoding="UTF-8"?>
<testsuites>
  <testsuite name="acceptance" tests="1" assertions="2" failures="0" errors="1" time="29.470709">
    <testcase file="/home/travis/build/wirecard/opencart-ee/tests/acceptance/checkCreditCard3DSFunctionalityHappyPath.feature" name="checkCreditCard3DSFunctionalityHappyPath: try purchaseCheck" feature="try purchaseCheck" assertions="2" time="29.470709">
      <error type="Facebook\WebDriver\Exception\UnknownServerException">checkCreditCard3DSFunctionalityHappyPath: try purchaseCheck
Facebook\WebDriver\Exception\UnknownServerException: javascript error: Cannot read property 'getAttribute' of null
  (Session info: chrome=74.0.3729.108)
  (Driver info: chromedriver=74.0.3729.6 (255758eccf3d244491b8a1317aa76e1ce10d57e9-refs/branch-heads/3729@{#29}),platform=Windows NT 10.0.17763 x86_64) (WARNING: The server did not provide any stacktrace information)
Command duration or timeout: 19 milliseconds
Build info: version: '2.53.0', revision: '35ae25b', time: '2016-03-15 17:00:58'
System info: host: '207-254-10-142', ip: '207.254.10.142', os.name: 'windows', os.arch: 'x86', os.version: '10.0', java.version: '1.8.0_181'
Driver info: org.openqa.selenium.chrome.ChromeDriver
Capabilities [{mobileEmulationEnabled=false, timeouts={implicit=0, pageLoad=300000, script=30000}, hasTouchScreen=false, platform=XP, acceptSslCerts=false, goog:chromeOptions={debuggerAddress=localhost:1915}, acceptInsecureCerts=false, webStorageEnabled=true, browserName=chrome, takesScreenshot=true, javascriptEnabled=true, setWindowRect=true, unexpectedAlertBehaviour=ignore, applicationCacheEnabled=false, rotatable=false, networkConnectionEnabled=false, chrome={chromedriverVersion=74.0.3729.6 (255758eccf3d244491b8a1317aa76e1ce10d57e9-refs/branch-heads/3729@{#29}), userDataDir=C:\Windows\proxy\scoped_dir5936_22976}, takesHeapSnapshot=true, pageLoadStrategy=normal, strictFileInteractability=false, databaseEnabled=false, handlesAlerts=true, version=74.0.3729.108, browserConnectionEnabled=false, proxy={}, nativeEvents=true, locationContextEnabled=true, cssSelectorsEnabled=true}]
Session ID: 3e98e26735437d0b4b90b25939714f23

/home/travis/build/wirecard/opencart-ee/system/library/facebook/webdriver/lib/Exception/WebDriverException.php:114
/home/travis/build/wirecard/opencart-ee/system/library/facebook/webdriver/lib/Remote/HttpCommandExecutor.php:326
/home/travis/build/wirecard/opencart-ee/system/library/facebook/webdriver/lib/Remote/RemoteWebDriver.php:547
/home/travis/build/wirecard/opencart-ee/system/library/facebook/webdriver/lib/Remote/RemoteWebDriver.php:308
/home/travis/build/wirecard/opencart-ee/system/library/codeception/codeception/src/Codeception/Module/WebDriver.php:2571
/home/travis/build/wirecard/opencart-ee/system/library/codeception/codeception/src/Codeception/Step.php:265
/home/travis/build/wirecard/opencart-ee/system/library/codeception/codeception/src/Codeception/Scenario.php:72
/home/travis/build/wirecard/opencart-ee/tests/_support/_generated/AcceptanceTesterActions.php:2617
/home/travis/build/wirecard/opencart-ee/tests/_support/Page/Checkout.php:146
/home/travis/build/wirecard/opencart-ee/tests/_support/Page/Checkout.php:124
/home/travis/build/wirecard/opencart-ee/tests/_support/Helper/Acceptance.php:76
/home/travis/build/wirecard/opencart-ee/system/library/codeception/codeception/src/Codeception/Step.php:265
/home/travis/build/wirecard/opencart-ee/system/library/codeception/codeception/src/Codeception/Scenario.php:72
/home/travis/build/wirecard/opencart-ee/tests/_support/_generated/AcceptanceTesterActions.php:3105
/home/travis/build/wirecard/opencart-ee/tests/_support/AcceptanceTester.php:144
/home/travis/build/wirecard/opencart-ee/system/library/codeception/codeception/src/Codeception/Test/Gherkin.php:142
/home/travis/build/wirecard/opencart-ee/system/library/codeception/codeception/src/Codeception/Test/Gherkin.php:88
/home/travis/build/wirecard/opencart-ee/system/library/codeception/codeception/src/Codeception/Test/Test.php:89
/home/travis/build/wirecard/opencart-ee/system/library/codeception/phpunit-wrapper/src/Runner.php:110
/home/travis/build/wirecard/opencart-ee/system/library/codeception/codeception/src/Codeception/SuiteManager.php:158
/home/travis/build/wirecard/opencart-ee/system/library/codeception/codeception/src/Codeception/Codecept.php:192
/home/travis/build/wirecard/opencart-ee/system/library/codeception/codeception/src/Codeception/Codecept.php:159
/home/travis/build/wirecard/opencart-ee/system/library/codeception/codeception/src/Codeception/Command/Run.php:495
/home/travis/build/wirecard/opencart-ee/system/library/codeception/codeception/src/Codeception/Command/Run.php:390
/home/travis/build/wirecard/opencart-ee/system/library/symfony/console/Command/Command.php:255
/home/travis/build/wirecard/opencart-ee/system/library/symfony/console/Application.php:908
/home/travis/build/wirecard/opencart-ee/system/library/symfony/console/Application.php:269
/home/travis/build/wirecard/opencart-ee/system/library/symfony/console/Application.php:145
/home/travis/build/wirecard/opencart-ee/system/library/codeception/codeception/src/Codeception/Application.php:108
</error>
    </testcase>
  </testsuite>
</testsuites>
